[main/log][2019-11-21_19:14:01.970445] log node is initialized..
[main/storage][2019-11-21_19:14:37.989099] storage node is initialized..
[radar/plotter][2019-11-21_19:17:15.344759] Initialize plotter
[radar/analyzer][2019-11-21_19:17:17.123744] analyzer connects ROS
[radar/receiver][2019-11-21_19:17:19.386006] receiver connects ROS
[camera/classifier_camera][2019-11-21_19:18:03.678337] Start classifier_camera
[camera/get_frame][2019-11-21_19:18:03.745622] Start get_frame
[main/decision][2019-11-21_19:18:21.270572] Decision node is initialized..
[main/decision][2019-11-21_19:18:21.333547]  ** init phase **
[main/decision][2019-11-21_19:18:23.052397] waiting results from radar and camera
[camera/get_frame][SUB][2019-11-21_19:18:24.373557] Subscribe from <operate(camera - initialized)> topic
[main/decision][PUB][2019-11-21_19:18:24.368980] Publish to <operate> topic
[main/decision][2019-11-21_19:18:24.374629] waiting init finished..
[radar/receiver][SUB][2019-11-21_19:18:24.408106] Subscribe from operate : start
[radar/receiver][2019-11-21_19:18:24.409324] Begin receiving
[camera/get_frame][2019-11-21_19:18:24.374651] Loading network.....
[radar/analyzer][SUB][2019-11-21_19:18:25.416872] Subscribe from realtime
[radar/receiver][PUB][2019-11-21_19:18:25.416285] Publish to realtime
[radar/analyzer][2019-11-21_19:18:25.416872] Data num : 0Data len : 11810
[radar/analyzer][2019-11-21_19:18:25.619412] Data : (50, 220) Sync : (50,)Sample rate : 5905
[radar/plotter][SUB][2019-11-21_19:18:25.622721] Subscribe from realtime_wav
[radar/analyzer][PUB][2019-11-21_19:18:25.621155] Publish to realtime_wav
[radar/plotter][2019-11-21_19:18:25.622721] Data num : 0Data len : 88000
[radar/plotter][2019-11-21_19:18:25.816445] Close All
[radar/analyzer][SUB][2019-11-21_19:18:26.424969] Subscribe from realtime
[radar/receiver][PUB][2019-11-21_19:18:26.424804] Publish to realtime
[radar/plotter][SUB][2019-11-21_19:18:26.626434] Subscribe from realtime_wav
[radar/analyzer][2019-11-21_19:18:26.424969] Data num : 1Data len : 11876
[radar/analyzer][2019-11-21_19:18:26.622933] Data : (48, 220) Sync : (48,)Sample rate : 5938
[radar/analyzer][PUB][2019-11-21_19:18:26.624336] Publish to realtime_wav
[radar/plotter][2019-11-21_19:18:26.626434] Data num : 1Data len : 84480
[camera/get_frame][2019-11-21_19:18:26.870518] Network successfully loaded
[camera/get_frame][2019-11-21_19:18:26.901015] Webcam initialized
[radar/analyzer][SUB][2019-11-21_19:18:27.431182] Subscribe from realtime
[radar/receiver][PUB][2019-11-21_19:18:27.431014] Publish to realtime
[radar/analyzer][2019-11-21_19:18:27.431182] Data num : 2Data len : 11892
[radar/analyzer][2019-11-21_19:18:27.637436] Data : (50, 220) Sync : (50,)Sample rate : 5946
[radar/plotter][SUB][2019-11-21_19:18:27.640651] Subscribe from realtime_wav
[radar/analyzer][PUB][2019-11-21_19:18:27.638907] Publish to realtime_wav
[radar/plotter][2019-11-21_19:18:27.640651] Data num : 2Data len : 88000
[radar/receiver][PUB][2019-11-21_19:18:28.435403] Publish to realtime
[radar/analyzer][SUB][2019-11-21_19:18:28.436779] Subscribe from realtime
[radar/analyzer][2019-11-21_19:18:28.436779] Data num : 3Data len : 11894
[radar/analyzer][2019-11-21_19:18:28.642122] Data : (50, 220) Sync : (50,)Sample rate : 5947
[radar/plotter][SUB][2019-11-21_19:18:28.645025] Subscribe from realtime_wav
[radar/analyzer][PUB][2019-11-21_19:18:28.643670] Publish to realtime_wav
[radar/plotter][2019-11-21_19:18:28.645025] Data num : 3Data len : 88000
[radar/receiver][PUB][2019-11-21_19:18:29.440862] Publish to realtime
[radar/analyzer][SUB][2019-11-21_19:18:29.442308] Subscribe from realtime
[radar/analyzer][2019-11-21_19:18:29.442308] Data num : 4Data len : 11896
[radar/analyzer][2019-11-21_19:18:29.648870] Data : (50, 220) Sync : (50,)Sample rate : 5948
[radar/plotter][SUB][2019-11-21_19:18:29.651414] Subscribe from realtime_wav
[radar/analyzer][PUB][2019-11-21_19:18:29.650334] Publish to realtime_wav
[radar/plotter][2019-11-21_19:18:29.651414] Data num : 4Data len : 88000
[radar/receiver][PUB][2019-11-21_19:18:30.444444] Publish to realtime
[radar/analyzer][SUB][2019-11-21_19:18:30.445918] Subscribe from realtime
[radar/analyzer][2019-11-21_19:18:30.445918] Data num : 5Data len : 11894
[radar/analyzer][2019-11-21_19:18:30.654807] Data : (50, 220) Sync : (50,)Sample rate : 5947
[radar/plotter][SUB][2019-11-21_19:18:30.657727] Subscribe from realtime_wav
[radar/analyzer][PUB][2019-11-21_19:18:30.656145] Publish to realtime_wav
[radar/plotter][2019-11-21_19:18:30.657727] Data num : 5Data len : 88000
[radar/receiver][PUB][2019-11-21_19:18:31.448390] Publish to realtime
[radar/analyzer][SUB][2019-11-21_19:18:31.450142] Subscribe from realtime
[radar/analyzer][2019-11-21_19:18:31.450142] Data num : 6Data len : 11892
[radar/analyzer][2019-11-21_19:18:31.655189] Data : (50, 220) Sync : (50,)Sample rate : 5946
[radar/plotter][SUB][2019-11-21_19:18:31.657947] Subscribe from realtime_wav
[radar/analyzer][PUB][2019-11-21_19:18:31.656477] Publish to realtime_wav
[radar/plotter][2019-11-21_19:18:31.657947] Data num : 6Data len : 88000
[radar/receiver][PUB][2019-11-21_19:18:32.451618] Publish to realtime
[radar/analyzer][SUB][2019-11-21_19:18:32.453225] Subscribe from realtime
[radar/analyzer][2019-11-21_19:18:32.453225] Data num : 7Data len : 11888
[radar/analyzer][2019-11-21_19:18:32.661050] Data : (50, 220) Sync : (50,)Sample rate : 5944
[radar/plotter][SUB][2019-11-21_19:18:32.664052] Subscribe from realtime_wav
[radar/analyzer][PUB][2019-11-21_19:18:32.662511] Publish to realtime_wav
[radar/plotter][2019-11-21_19:18:32.664052] Data num : 7Data len : 88000
[radar/receiver][PUB][2019-11-21_19:18:33.451901] Publish to realtime
[radar/analyzer][SUB][2019-11-21_19:18:33.453402] Subscribe from realtime
[radar/analyzer][2019-11-21_19:18:33.453402] Data num : 8Data len : 11884
[radar/analyzer][2019-11-21_19:18:33.613662] Data : (50, 220) Sync : (50,)Sample rate : 5942
[radar/plotter][SUB][2019-11-21_19:18:33.616320] Subscribe from realtime_wav
[radar/analyzer][PUB][2019-11-21_19:18:33.615280] Publish to realtime_wav
[radar/plotter][2019-11-21_19:18:33.616320] Data num : 8Data len : 88000
[radar/receiver][PUB][2019-11-21_19:18:34.452851] Publish to realtime
[radar/analyzer][SUB][2019-11-21_19:18:34.454342] Subscribe from realtime
[radar/analyzer][2019-11-21_19:18:34.454342] Data num : 9Data len : 11880
[radar/analyzer][2019-11-21_19:18:34.617843] Data : (50, 220) Sync : (50,)Sample rate : 5940
[radar/plotter][SUB][2019-11-21_19:18:34.620765] Subscribe from realtime_wav
[radar/analyzer][PUB][2019-11-21_19:18:34.619170] Publish to realtime_wav
[radar/plotter][2019-11-21_19:18:34.620765] Data num : 9Data len : 88000
[radar/receiver][PUB][2019-11-21_19:18:35.453747] Publish to realtime
[radar/analyzer][SUB][2019-11-21_19:18:35.453956] Subscribe from realtime
[radar/analyzer][2019-11-21_19:18:35.453956] Data num : 10Data len : 11878
[radar/analyzer][2019-11-21_19:18:35.620810] Data : (48, 220) Sync : (48,)Sample rate : 5939
[radar/plotter][SUB][2019-11-21_19:18:35.623742] Subscribe from realtime_wav
[radar/analyzer][PUB][2019-11-21_19:18:35.622290] Publish to realtime_wav
[radar/plotter][2019-11-21_19:18:35.623742] Data num : 10Data len : 84480
[radar/analyzer][SUB][2019-11-21_19:18:36.458408] Subscribe from realtime
[radar/receiver][PUB][2019-11-21_19:18:36.458218] Publish to realtime
[radar/analyzer][2019-11-21_19:18:36.458408] Data num : 11Data len : 11878
[radar/analyzer][2019-11-21_19:18:36.627973] Data : (50, 220) Sync : (50,)Sample rate : 5939
[radar/plotter][SUB][2019-11-21_19:18:36.630404] Subscribe from realtime_wav
[radar/analyzer][PUB][2019-11-21_19:18:36.629240] Publish to realtime_wav
[radar/plotter][2019-11-21_19:18:36.630404] Data num : 11Data len : 88000
[radar/analyzer][SUB][2019-11-21_19:18:37.462362] Subscribe from realtime
[radar/receiver][PUB][2019-11-21_19:18:37.462145] Publish to realtime
[radar/analyzer][2019-11-21_19:18:37.462362] Data num : 12Data len : 11878
[radar/analyzer][2019-11-21_19:18:37.635839] Data : (50, 220) Sync : (50,)Sample rate : 5939
[radar/plotter][SUB][2019-11-21_19:18:37.638178] Subscribe from realtime_wav
[radar/analyzer][PUB][2019-11-21_19:18:37.637214] Publish to realtime_wav[radar/plotter][2019-11-21_19:18:37.638178] Data num : 12Data len : 88000

[radar/receiver][PUB][2019-11-21_19:18:38.466776] Publish to realtime
[radar/analyzer][SUB][2019-11-21_19:18:38.467016] Subscribe from realtime
[radar/analyzer][2019-11-21_19:18:38.467016] Data num : 13Data len : 11880
[radar/analyzer][2019-11-21_19:18:38.646186] Data : (50, 220) Sync : (50,)Sample rate : 5940
[radar/plotter][SUB][2019-11-21_19:18:38.648678] Subscribe from realtime_wav
[radar/analyzer][PUB][2019-11-21_19:18:38.647698] Publish to realtime_wav
[radar/plotter][2019-11-21_19:18:38.648678] Data num : 13Data len : 88000
[radar/receiver][PUB][2019-11-21_19:18:39.469879] Publish to realtime
[radar/analyzer][SUB][2019-11-21_19:18:39.470086] Subscribe from realtime
[radar/analyzer][2019-11-21_19:18:39.470086] Data num : 14Data len : 11880
[radar/analyzer][2019-11-21_19:18:39.652622] Data : (50, 220) Sync : (50,)Sample rate : 5940
[radar/plotter][SUB][2019-11-21_19:18:39.655399] Subscribe from realtime_wav
[radar/analyzer][PUB][2019-11-21_19:18:39.653915] Publish to realtime_wav
[radar/plotter][2019-11-21_19:18:39.655399] Data num : 14Data len : 88000
[radar/analyzer][SUB][2019-11-21_19:18:40.474364] Subscribe from realtime
[radar/receiver][PUB][2019-11-21_19:18:40.473896] Publish to realtime
[radar/analyzer][2019-11-21_19:18:40.474364] Data num : 15Data len : 11880
[radar/analyzer][2019-11-21_19:18:40.652798] Data : (50, 220) Sync : (50,)Sample rate : 5940
[radar/plotter][SUB][2019-11-21_19:18:40.655418] Subscribe from realtime_wav
[radar/analyzer][PUB][2019-11-21_19:18:40.654418] Publish to realtime_wav
[radar/plotter][2019-11-21_19:18:40.655418] Data num : 15Data len : 88000
[radar/analyzer][SUB][2019-11-21_19:18:41.478407] Subscribe from realtime
[radar/receiver][PUB][2019-11-21_19:18:41.478194] Publish to realtime
[radar/analyzer][2019-11-21_19:18:41.478407] Data num : 16Data len : 11880
[radar/analyzer][2019-11-21_19:18:41.657028] Data : (50, 220) Sync : (50,)Sample rate : 5940
[radar/plotter][SUB][2019-11-21_19:18:41.659842] Subscribe from realtime_wav
[radar/analyzer][PUB][2019-11-21_19:18:41.658415] Publish to realtime_wav
[radar/plotter][2019-11-21_19:18:41.659842] Data num : 16Data len : 88000
[radar/receiver][PUB][2019-11-21_19:18:42.481720] Publish to realtime
[radar/analyzer][SUB][2019-11-21_19:18:42.481949] Subscribe from realtime
[radar/analyzer][2019-11-21_19:18:42.481949] Data num : 17Data len : 11880
[radar/analyzer][2019-11-21_19:18:42.664381] Data : (50, 220) Sync : (50,)Sample rate : 5940
[radar/plotter][SUB][2019-11-21_19:18:42.666872] Subscribe from realtime_wav
[radar/analyzer][PUB][2019-11-21_19:18:42.665792] Publish to realtime_wav
[radar/plotter][2019-11-21_19:18:42.666872] Data num : 17Data len : 88000
[radar/analyzer][SUB][2019-11-21_19:18:43.486206] Subscribe from realtime
[radar/receiver][PUB][2019-11-21_19:18:43.486007] Publish to realtime
[radar/analyzer][2019-11-21_19:18:43.486206] Data num : 18Data len : 11880
[radar/analyzer][2019-11-21_19:18:43.668756] Data : (48, 220) Sync : (48,)Sample rate : 5940
[radar/plotter][SUB][2019-11-21_19:18:43.671743] Subscribe from realtime_wav
[radar/analyzer][PUB][2019-11-21_19:18:43.670560] Publish to realtime_wav
[radar/plotter][2019-11-21_19:18:43.671743] Data num : 18Data len : 84480
[radar/analyzer][SUB][2019-11-21_19:18:44.489375] Subscribe from realtime
[radar/receiver][PUB][2019-11-21_19:18:44.489166] Publish to realtime
[radar/analyzer][2019-11-21_19:18:44.489375] Data num : 19Data len : 11880
[radar/analyzer][2019-11-21_19:18:44.677170] Data : (50, 220) Sync : (50,)Sample rate : 5940
[radar/plotter][SUB][2019-11-21_19:18:44.680047] Subscribe from realtime_wav
[radar/analyzer][PUB][2019-11-21_19:18:44.678510] Publish to realtime_wav
[radar/plotter][2019-11-21_19:18:44.680047] Data num : 19Data len : 88000
[radar/analyzer][SUB][2019-11-21_19:18:45.492517] Subscribe from realtime
[radar/receiver][PUB][2019-11-21_19:18:45.492047] Publish to realtime
[radar/analyzer][2019-11-21_19:18:45.492517] Data num : 20Data len : 11880
[radar/analyzer][2019-11-21_19:18:45.683050] Data : (50, 220) Sync : (50,)Sample rate : 5940
[radar/plotter][SUB][2019-11-21_19:18:45.686008] Subscribe from realtime_wav
[radar/analyzer][PUB][2019-11-21_19:18:45.684491] Publish to realtime_wav
[radar/plotter][2019-11-21_19:18:45.686008] Data num : 20Data len : 88000
[radar/receiver][PUB][2019-11-21_19:18:46.497574] Publish to realtime
[radar/analyzer][SUB][2019-11-21_19:18:46.497790] Subscribe from realtime
[radar/analyzer][2019-11-21_19:18:46.497790] Data num : 21Data len : 11882
[radar/analyzer][2019-11-21_19:18:46.696931] Data : (50, 220) Sync : (50,)Sample rate : 5941
[radar/plotter][SUB][2019-11-21_19:18:46.699652] Subscribe from realtime_wav
[radar/analyzer][PUB][2019-11-21_19:18:46.698675] Publish to realtime_wav
[radar/plotter][2019-11-21_19:18:46.699652] Data num : 21Data len : 88000
[radar/analyzer][SUB][2019-11-21_19:18:47.500572] Subscribe from realtime
[radar/receiver][PUB][2019-11-21_19:18:47.499911] Publish to realtime
[radar/analyzer][2019-11-21_19:18:47.500572] Data num : 22Data len : 11880
[radar/analyzer][2019-11-21_19:18:47.696248] Data : (50, 220) Sync : (50,)Sample rate : 5940
[radar/plotter][SUB][2019-11-21_19:18:47.698592] Subscribe from realtime_wav
[radar/analyzer][PUB][2019-11-21_19:18:47.697543] Publish to realtime_wav
[radar/plotter][2019-11-21_19:18:47.698592] Data num : 22Data len : 88000
[radar/receiver][PUB][2019-11-21_19:18:48.503968] Publish to realtime
[radar/analyzer][SUB][2019-11-21_19:18:48.504183] Subscribe from realtime
[radar/analyzer][2019-11-21_19:18:48.504183] Data num : 23Data len : 11880
[radar/analyzer][2019-11-21_19:18:48.701201] Data : (50, 220) Sync : (50,)Sample rate : 5940
[radar/plotter][SUB][2019-11-21_19:18:48.704025] Subscribe from realtime_wav
[radar/analyzer][PUB][2019-11-21_19:18:48.702714] Publish to realtime_wav
[radar/plotter][2019-11-21_19:18:48.704025] Data num : 23Data len : 88000
[radar/receiver][PUB][2019-11-21_19:18:49.505190] Publish to realtime
[radar/analyzer][SUB][2019-11-21_19:18:49.505398] Subscribe from realtime
[radar/analyzer][2019-11-21_19:18:49.505398] Data num : 24Data len : 11880
[radar/analyzer][2019-11-21_19:18:49.706682] Data : (48, 220) Sync : (48,)Sample rate : 5940
[radar/plotter][SUB][2019-11-21_19:18:49.709181] Subscribe from realtime_wav
[radar/analyzer][PUB][2019-11-21_19:18:49.708071] Publish to realtime_wav
[radar/plotter][2019-11-21_19:18:49.709181] Data num : 24Data len : 84480
[radar/receiver][PUB][2019-11-21_19:18:50.505985] Publish to realtime
[radar/analyzer][SUB][2019-11-21_19:18:50.506192] Subscribe from realtime
[radar/analyzer][2019-11-21_19:18:50.506192] Data num : 25Data len : 11878
[radar/analyzer][2019-11-21_19:18:50.714155] Data : (50, 220) Sync : (50,)Sample rate : 5939
[radar/plotter][SUB][2019-11-21_19:18:50.716942] Subscribe from realtime_wav
[radar/analyzer][PUB][2019-11-21_19:18:50.715686] Publish to realtime_wav
[radar/plotter][2019-11-21_19:18:50.716942] Data num : 25Data len : 88000
[radar/receiver][PUB][2019-11-21_19:18:51.509030] Publish to realtime
[radar/analyzer][SUB][2019-11-21_19:18:51.509241] Subscribe from realtime
[radar/analyzer][2019-11-21_19:18:51.509241] Data num : 26Data len : 11878
[radar/analyzer][2019-11-21_19:18:51.718945] Data : (50, 220) Sync : (50,)Sample rate : 5939
[radar/plotter][SUB][2019-11-21_19:18:51.721973] Subscribe from realtime_wav
[radar/analyzer][PUB][2019-11-21_19:18:51.720300] Publish to realtime_wav
[radar/plotter][2019-11-21_19:18:51.721973] Data num : 26Data len : 88000
[radar/receiver][PUB][2019-11-21_19:18:52.509982] Publish to realtime
[radar/analyzer][SUB][2019-11-21_19:18:52.510348] Subscribe from realtime
[radar/analyzer][2019-11-21_19:18:52.510348] Data num : 27Data len : 11876
[radar/analyzer][2019-11-21_19:18:52.670025] Data : (48, 220) Sync : (48,)Sample rate : 5938
[radar/plotter][SUB][2019-11-21_19:18:52.673039] Subscribe from realtime_wav
[radar/analyzer][PUB][2019-11-21_19:18:52.671539] Publish to realtime_wav
[radar/plotter][2019-11-21_19:18:52.673039] Data num : 27Data len : 84480
[radar/receiver][PUB][2019-11-21_19:18:53.511344] Publish to realtime
[radar/analyzer][SUB][2019-11-21_19:18:53.511560] Subscribe from realtime
[radar/analyzer][2019-11-21_19:18:53.511560] Data num : 28Data len : 11876
[radar/analyzer][2019-11-21_19:18:53.674983] Data : (50, 220) Sync : (50,)Sample rate : 5938
[radar/plotter][SUB][2019-11-21_19:18:53.677879] Subscribe from realtime_wav
[radar/analyzer][PUB][2019-11-21_19:18:53.676314] Publish to realtime_wav
[radar/plotter][2019-11-21_19:18:53.677879] Data num : 28Data len : 88000
[radar/receiver][PUB][2019-11-21_19:18:54.512189] Publish to realtime
[radar/analyzer][SUB][2019-11-21_19:18:54.512399] Subscribe from realtime
[radar/analyzer][2019-11-21_19:18:54.512399] Data num : 29Data len : 11874
[radar/analyzer][2019-11-21_19:18:54.682130] Data : (50, 220) Sync : (50,)Sample rate : 5937
[radar/plotter][SUB][2019-11-21_19:18:54.685015] Subscribe from realtime_wav
[radar/analyzer][PUB][2019-11-21_19:18:54.683467] Publish to realtime_wav
[radar/plotter][2019-11-21_19:18:54.685015] Data num : 29Data len : 88000
[radar/receiver][PUB][2019-11-21_19:18:55.515139] Publish to realtime
[radar/analyzer][SUB][2019-11-21_19:18:55.515364] Subscribe from realtime
[radar/analyzer][2019-11-21_19:18:55.515364] Data num : 30Data len : 11874
[radar/analyzer][2019-11-21_19:18:55.688827] Data : (50, 220) Sync : (50,)Sample rate : 5937
[radar/plotter][SUB][2019-11-21_19:18:55.691470] Subscribe from realtime_wav
[radar/analyzer][PUB][2019-11-21_19:18:55.690325] Publish to realtime_wav
[radar/plotter][2019-11-21_19:18:55.691470] Data num : 30Data len : 88000
[radar/receiver][PUB][2019-11-21_19:18:56.516084] Publish to realtime
[radar/analyzer][SUB][2019-11-21_19:18:56.516298] Subscribe from realtime
[radar/analyzer][2019-11-21_19:18:56.516298] Data num : 31Data len : 11874
[radar/analyzer][2019-11-21_19:18:56.690878] Data : (50, 220) Sync : (50,)Sample rate : 5937
[radar/plotter][SUB][2019-11-21_19:18:56.693745] Subscribe from realtime_wav
[radar/analyzer][PUB][2019-11-21_19:18:56.692134] Publish to realtime_wav
[radar/plotter][2019-11-21_19:18:56.693745] Data num : 31Data len : 88000
[radar/receiver][PUB][2019-11-21_19:18:57.517864] Publish to realtime
[radar/analyzer][SUB][2019-11-21_19:18:57.518077] Subscribe from realtime
[radar/analyzer][2019-11-21_19:18:57.518077] Data num : 32Data len : 11874
[radar/analyzer][2019-11-21_19:18:57.695969] Data : (50, 220) Sync : (50,)Sample rate : 5937
[radar/plotter][SUB][2019-11-21_19:18:57.699457] Subscribe from realtime_wav
[radar/analyzer][PUB][2019-11-21_19:18:57.697857] Publish to realtime_wav
[radar/plotter][2019-11-21_19:18:57.699457] Data num : 32Data len : 88000
[radar/receiver][PUB][2019-11-21_19:18:58.520941] Publish to realtime
[radar/analyzer][SUB][2019-11-21_19:18:58.522327] Subscribe from realtime
[radar/analyzer][2019-11-21_19:18:58.522327] Data num : 33Data len : 11874
[radar/analyzer][2019-11-21_19:18:58.702003] Data : (50, 220) Sync : (50,)Sample rate : 5937
[radar/plotter][SUB][2019-11-21_19:18:58.704828] Subscribe from realtime_wav
[radar/analyzer][PUB][2019-11-21_19:18:58.703265] Publish to realtime_wav
[radar/plotter][2019-11-21_19:18:58.704828] Data num : 33Data len : 88000
[radar/receiver][PUB][2019-11-21_19:18:59.527800] Publish to realtime
[radar/analyzer][SUB][2019-11-21_19:18:59.529382] Subscribe from realtime
[radar/analyzer][2019-11-21_19:18:59.529382] Data num : 34Data len : 11874
[radar/analyzer][2019-11-21_19:18:59.707800] Data : (50, 220) Sync : (50,)Sample rate : 5937
[radar/plotter][SUB][2019-11-21_19:18:59.710362] Subscribe from realtime_wav
[radar/analyzer][PUB][2019-11-21_19:18:59.709190] Publish to realtime_wav
[radar/plotter][2019-11-21_19:18:59.710362] Data num : 34Data len : 88000
[radar/receiver][PUB][2019-11-21_19:19:00.533590] Publish to realtime
[radar/analyzer][SUB][2019-11-21_19:19:00.534046] Subscribe from realtime
[radar/analyzer][2019-11-21_19:19:00.534046] Data num : 35Data len : 11876
[radar/analyzer][2019-11-21_19:19:00.716831] Data : (50, 220) Sync : (50,)Sample rate : 5938
[radar/plotter][SUB][2019-11-21_19:19:00.719156] Subscribe from realtime_wav
[radar/analyzer][PUB][2019-11-21_19:19:00.718227] Publish to realtime_wav
[radar/plotter][2019-11-21_19:19:00.719156] Data num : 35Data len : 88000
[radar/receiver][PUB][2019-11-21_19:19:01.539987] Publish to realtime
[radar/analyzer][SUB][2019-11-21_19:19:01.541772] Subscribe from realtime
[radar/analyzer][2019-11-21_19:19:01.541772] Data num : 36Data len : 11876
[radar/analyzer][2019-11-21_19:19:01.722761] Data : (48, 220) Sync : (48,)Sample rate : 5938
[radar/plotter][SUB][2019-11-21_19:19:01.725590] Subscribe from realtime_wav
[radar/analyzer][PUB][2019-11-21_19:19:01.724155] Publish to realtime_wav
[radar/plotter][2019-11-21_19:19:01.725590] Data num : 36Data len : 84480
[radar/receiver][PUB][2019-11-21_19:19:02.545289] Publish to realtime
[radar/analyzer][SUB][2019-11-21_19:19:02.546834] Subscribe from realtime
[radar/analyzer][2019-11-21_19:19:02.546834] Data num : 37Data len : 11876
[radar/analyzer][2019-11-21_19:19:02.731443] Data : (50, 220) Sync : (50,)Sample rate : 5938
[radar/plotter][SUB][2019-11-21_19:19:02.734518] Subscribe from realtime_wav
[radar/analyzer][PUB][2019-11-21_19:19:02.732871] Publish to realtime_wav
[radar/plotter][2019-11-21_19:19:02.734518] Data num : 37Data len : 88000
[radar/receiver][PUB][2019-11-21_19:19:03.551846] Publish to realtime
[radar/analyzer][SUB][2019-11-21_19:19:03.553377] Subscribe from realtime
[radar/analyzer][2019-11-21_19:19:03.553377] Data num : 38Data len : 11878
[radar/analyzer][2019-11-21_19:19:03.732181] Data : (48, 220) Sync : (48,)Sample rate : 5939
[radar/plotter][SUB][2019-11-21_19:19:03.734929] Subscribe from realtime_wav
[radar/analyzer][PUB][2019-11-21_19:19:03.733568] Publish to realtime_wav
[radar/plotter][2019-11-21_19:19:03.734929] Data num : 38Data len : 84480
[radar/analyzer][SUB][2019-11-21_19:19:04.554396] Subscribe from realtime
[radar/receiver][PUB][2019-11-21_19:19:04.553924] Publish to realtime
[radar/analyzer][2019-11-21_19:19:04.554396] Data num : 39Data len : 11878
[radar/analyzer][2019-11-21_19:19:04.745440] Data : (50, 220) Sync : (50,)Sample rate : 5939
[radar/plotter][SUB][2019-11-21_19:19:04.747977] Subscribe from realtime_wav
[radar/analyzer][PUB][2019-11-21_19:19:04.746981] Publish to realtime_wav
[radar/plotter][2019-11-21_19:19:04.747977] Data num : 39Data len : 88000
[radar/receiver][PUB][2019-11-21_19:19:05.559393] Publish to realtime
[radar/analyzer][SUB][2019-11-21_19:19:05.560963] Subscribe from realtime
[radar/analyzer][2019-11-21_19:19:05.560963] Data num : 40Data len : 11878
[radar/analyzer][2019-11-21_19:19:05.751496] Data : (50, 220) Sync : (50,)Sample rate : 5939
[radar/plotter][SUB][2019-11-21_19:19:05.754572] Subscribe from realtime_wav
[radar/analyzer][PUB][2019-11-21_19:19:05.752976] Publish to realtime_wav
[radar/plotter][2019-11-21_19:19:05.754572] Data num : 40Data len : 88000
[radar/receiver][PUB][2019-11-21_19:19:06.561241] Publish to realtime
[radar/analyzer][SUB][2019-11-21_19:19:06.561451] Subscribe from realtime
[radar/analyzer][2019-11-21_19:19:06.561451] Data num : 41Data len : 11878
[radar/analyzer][2019-11-21_19:19:06.752980] Data : (48, 220) Sync : (48,)Sample rate : 5939
[radar/plotter][SUB][2019-11-21_19:19:06.755851] Subscribe from realtime_wav
[radar/analyzer][PUB][2019-11-21_19:19:06.754440] Publish to realtime_wav
[radar/plotter][2019-11-21_19:19:06.755851] Data num : 41Data len : 84480
[radar/analyzer][SUB][2019-11-21_19:19:07.564416] Subscribe from realtime
[radar/receiver][PUB][2019-11-21_19:19:07.564201] Publish to realtime
[radar/analyzer][2019-11-21_19:19:07.564416] Data num : 42Data len : 11878
[radar/analyzer][2019-11-21_19:19:07.759107] Data : (50, 220) Sync : (50,)Sample rate : 5939
[radar/plotter][SUB][2019-11-21_19:19:07.762050] Subscribe from realtime_wav
[radar/analyzer][PUB][2019-11-21_19:19:07.760495] Publish to realtime_wav
[radar/plotter][2019-11-21_19:19:07.762050] Data num : 42Data len : 88000
[radar/receiver][PUB][2019-11-21_19:19:08.564744] Publish to realtime
[radar/analyzer][SUB][2019-11-21_19:19:08.564933] Subscribe from realtime
[radar/analyzer][2019-11-21_19:19:08.564933] Data num : 43Data len : 11878
[radar/analyzer][2019-11-21_19:19:08.763702] Data : (50, 220) Sync : (50,)Sample rate : 5939
[radar/plotter][SUB][2019-11-21_19:19:08.766518] Subscribe from realtime_wav
[radar/analyzer][PUB][2019-11-21_19:19:08.765067] Publish to realtime_wav
[radar/plotter][2019-11-21_19:19:08.766518] Data num : 43Data len : 88000
[radar/receiver][PUB][2019-11-21_19:19:09.568529] Publish to realtime
[radar/analyzer][SUB][2019-11-21_19:19:09.568761] Subscribe from realtime
[radar/analyzer][2019-11-21_19:19:09.568761] Data num : 44Data len : 11876
[radar/analyzer][2019-11-21_19:19:09.770287] Data : (50, 220) Sync : (50,)Sample rate : 5938
[radar/plotter][SUB][2019-11-21_19:19:09.772916] Subscribe from realtime_wav
[radar/analyzer][PUB][2019-11-21_19:19:09.771886] Publish to realtime_wav
[radar/plotter][2019-11-21_19:19:09.772916] Data num : 44Data len : 88000
[radar/receiver][PUB][2019-11-21_19:19:10.572330] Publish to realtime
[radar/analyzer][SUB][2019-11-21_19:19:10.572569] Subscribe from realtime
[radar/analyzer][2019-11-21_19:19:10.572569] Data num : 45Data len : 11876
[radar/analyzer][2019-11-21_19:19:10.775328] Data : (50, 220) Sync : (50,)Sample rate : 5938
[radar/plotter][SUB][2019-11-21_19:19:10.778574] Subscribe from realtime_wav
[radar/analyzer][PUB][2019-11-21_19:19:10.777038] Publish to realtime_wav
[radar/plotter][2019-11-21_19:19:10.778574] Data num : 45Data len : 88000
[radar/analyzer][SUB][2019-11-21_19:19:11.576915] Subscribe from realtime
[radar/receiver][PUB][2019-11-21_19:19:11.576729] Publish to realtime
[radar/analyzer][2019-11-21_19:19:11.576915] Data num : 46Data len : 11876
[radar/analyzer][2019-11-21_19:19:11.783530] Data : (50, 220) Sync : (50,)Sample rate : 5938
[radar/plotter][SUB][2019-11-21_19:19:11.786123] Subscribe from realtime_wav
[radar/analyzer][PUB][2019-11-21_19:19:11.785127] Publish to realtime_wav
[radar/plotter][2019-11-21_19:19:11.786123] Data num : 46Data len : 88000
[radar/analyzer][SUB][2019-11-21_19:19:12.584812] Subscribe from realtime
[radar/receiver][PUB][2019-11-21_19:19:12.584583] Publish to realtime
[radar/analyzer][2019-11-21_19:19:12.584812] Data num : 47Data len : 11878
[radar/analyzer][2019-11-21_19:19:12.789562] Data : (48, 220) Sync : (48,)Sample rate : 5939
[radar/plotter][SUB][2019-11-21_19:19:12.792044] Subscribe from realtime_wav
[radar/analyzer][PUB][2019-11-21_19:19:12.791039] Publish to realtime_wav
[radar/plotter][2019-11-21_19:19:12.792044] Data num : 47Data len : 84480
[radar/receiver][PUB][2019-11-21_19:19:13.587489] Publish to realtime
[radar/analyzer][SUB][2019-11-21_19:19:13.587731] Subscribe from realtime
[radar/analyzer][2019-11-21_19:19:13.587731] Data num : 48Data len : 11878
[radar/analyzer][2019-11-21_19:19:13.794621] Data : (50, 220) Sync : (50,)Sample rate : 5939
[radar/plotter][SUB][2019-11-21_19:19:13.797469] Subscribe from realtime_wav
[radar/analyzer][PUB][2019-11-21_19:19:13.795963] Publish to realtime_wav
[radar/plotter][2019-11-21_19:19:13.797469] Data num : 48Data len : 88000
[radar/analyzer][SUB][2019-11-21_19:19:14.590550] Subscribe from realtime
[radar/receiver][PUB][2019-11-21_19:19:14.590334] Publish to realtime
[radar/analyzer][2019-11-21_19:19:14.590550] Data num : 49Data len : 11878
[radar/analyzer][2019-11-21_19:19:14.798779] Data : (50, 220) Sync : (50,)Sample rate : 5939
[radar/plotter][SUB][2019-11-21_19:19:14.801821] Subscribe from realtime_wav
[radar/analyzer][PUB][2019-11-21_19:19:14.800360] Publish to realtime_wav
[radar/plotter][2019-11-21_19:19:14.801821] Data num : 49Data len : 88000
[radar/analyzer][SUB][2019-11-21_19:19:15.592943] Subscribe from realtime
[radar/receiver][PUB][2019-11-21_19:19:15.593209] Publish to realtime
[radar/analyzer][2019-11-21_19:19:15.592943] Data num : 50Data len : 11878
[radar/analyzer][2019-11-21_19:19:15.750523] Data : (48, 220) Sync : (48,)Sample rate : 5939
[radar/plotter][SUB][2019-11-21_19:19:15.752920] Subscribe from realtime_wav
[radar/analyzer][PUB][2019-11-21_19:19:15.751906] Publish to realtime_wav
[radar/plotter][2019-11-21_19:19:15.752920] Data num : 50Data len : 84480
[radar/receiver][PUB][2019-11-21_19:19:16.594936] Publish to realtime
[radar/analyzer][SUB][2019-11-21_19:19:16.595164] Subscribe from realtime
[radar/analyzer][2019-11-21_19:19:16.595164] Data num : 51Data len : 11878
[radar/analyzer][2019-11-21_19:19:16.761608] Data : (50, 220) Sync : (50,)Sample rate : 5939
[radar/plotter][SUB][2019-11-21_19:19:16.764576] Subscribe from realtime_wav
[radar/analyzer][PUB][2019-11-21_19:19:16.763020] Publish to realtime_wav
[radar/plotter][2019-11-21_19:19:16.764576] Data num : 51Data len : 88000
[radar/receiver][PUB][2019-11-21_19:19:17.595984] Publish to realtime
[radar/analyzer][SUB][2019-11-21_19:19:17.596209] Subscribe from realtime
[radar/analyzer][2019-11-21_19:19:17.596209] Data num : 52Data len : 11878
[radar/analyzer][2019-11-21_19:19:17.765173] Data : (50, 220) Sync : (50,)Sample rate : 5939
[radar/plotter][SUB][2019-11-21_19:19:17.767678] Subscribe from realtime_wav
[radar/analyzer][PUB][2019-11-21_19:19:17.766679] Publish to realtime_wav
[radar/plotter][2019-11-21_19:19:17.767678] Data num : 52Data len : 88000
[radar/analyzer][SUB][2019-11-21_19:19:18.598994] Subscribe from realtime
[radar/receiver][PUB][2019-11-21_19:19:18.598788] Publish to realtime
[radar/analyzer][2019-11-21_19:19:18.598994] Data num : 53Data len : 11878
[radar/analyzer][2019-11-21_19:19:18.769129] Data : (50, 220) Sync : (50,)Sample rate : 5939
[radar/plotter][SUB][2019-11-21_19:19:18.771680] Subscribe from realtime_wav
[radar/analyzer][PUB][2019-11-21_19:19:18.770645] Publish to realtime_wav
[radar/plotter][2019-11-21_19:19:18.771680] Data num : 53Data len : 88000
[radar/receiver][PUB][2019-11-21_19:19:19.602156] Publish to realtime
[radar/analyzer][SUB][2019-11-21_19:19:19.602404] Subscribe from realtime
[radar/analyzer][2019-11-21_19:19:19.602404] Data num : 54Data len : 11876
[radar/analyzer][2019-11-21_19:19:19.774948] Data : (50, 220) Sync : (50,)Sample rate : 5938
[radar/plotter][SUB][2019-11-21_19:19:19.777739] Subscribe from realtime_wav
[radar/analyzer][PUB][2019-11-21_19:19:19.776277] Publish to realtime_wav
[radar/plotter][2019-11-21_19:19:19.777739] Data num : 54Data len : 88000
[radar/receiver][PUB][2019-11-21_19:19:20.603500] Publish to realtime
[radar/analyzer][SUB][2019-11-21_19:19:20.603743] Subscribe from realtime
[radar/analyzer][2019-11-21_19:19:20.603743] Data num : 55Data len : 11876
[radar/analyzer][2019-11-21_19:19:20.780744] Data : (50, 220) Sync : (50,)Sample rate : 5938
[radar/plotter][SUB][2019-11-21_19:19:20.783751] Subscribe from realtime_wav
[radar/analyzer][PUB][2019-11-21_19:19:20.782171] Publish to realtime_wav
[radar/plotter][2019-11-21_19:19:20.783751] Data num : 55Data len : 88000
[radar/receiver][PUB][2019-11-21_19:19:21.604779] Publish to realtime
[radar/analyzer][SUB][2019-11-21_19:19:21.605009] Subscribe from realtime
[radar/analyzer][2019-11-21_19:19:21.605009] Data num : 56Data len : 11876
[radar/analyzer][2019-11-21_19:19:21.785162] Data : (48, 220) Sync : (48,)Sample rate : 5938
[radar/plotter][SUB][2019-11-21_19:19:21.787962] Subscribe from realtime_wav
[radar/analyzer][PUB][2019-11-21_19:19:21.786598] Publish to realtime_wav
[radar/plotter][2019-11-21_19:19:21.787962] Data num : 56Data len : 84480
[radar/receiver][PUB][2019-11-21_19:19:22.605980] Publish to realtime
[radar/analyzer][SUB][2019-11-21_19:19:22.606203] Subscribe from realtime
[radar/analyzer][2019-11-21_19:19:22.606203] Data num : 57Data len : 11876
[radar/analyzer][2019-11-21_19:19:22.791492] Data : (50, 220) Sync : (50,)Sample rate : 5938
[radar/plotter][SUB][2019-11-21_19:19:22.794054] Subscribe from realtime_wav
[radar/analyzer][PUB][2019-11-21_19:19:22.793017] Publish to realtime_wav
[radar/plotter][2019-11-21_19:19:22.794054] Data num : 57Data len : 88000
[radar/receiver][PUB][2019-11-21_19:19:23.607519] Publish to realtime
[radar/analyzer][SUB][2019-11-21_19:19:23.607754] Subscribe from realtime
[radar/analyzer][2019-11-21_19:19:23.607754] Data num : 58Data len : 11876
[radar/analyzer][2019-11-21_19:19:23.798163] Data : (50, 220) Sync : (50,)Sample rate : 5938
[radar/plotter][SUB][2019-11-21_19:19:23.800709] Subscribe from realtime_wav[radar/analyzer][PUB][2019-11-21_19:19:23.799562] Publish to realtime_wav

[radar/plotter][2019-11-21_19:19:23.800709] Data num : 58Data len : 88000
[radar/receiver][PUB][2019-11-21_19:19:24.609668] Publish to realtime
[radar/analyzer][SUB][2019-11-21_19:19:24.609883] Subscribe from realtime
[radar/analyzer][2019-11-21_19:19:24.609883] Data num : 59Data len : 11876
[radar/analyzer][2019-11-21_19:19:24.807281] Data : (50, 220) Sync : (50,)Sample rate : 5938
[radar/plotter][SUB][2019-11-21_19:19:24.810359] Subscribe from realtime_wav
[radar/analyzer][PUB][2019-11-21_19:19:24.808610] Publish to realtime_wav
[radar/plotter][2019-11-21_19:19:24.810359] Data num : 59Data len : 88000
[radar/analyzer][SUB][2019-11-21_19:19:25.612804] Subscribe from realtime
[radar/receiver][PUB][2019-11-21_19:19:25.612593] Publish to realtime
[radar/analyzer][2019-11-21_19:19:25.612804] Data num : 60Data len : 11876
[radar/analyzer][2019-11-21_19:19:25.812574] Data : (50, 220) Sync : (50,)Sample rate : 5938
[radar/plotter][SUB][2019-11-21_19:19:25.815111] Subscribe from realtime_wav
[radar/analyzer][PUB][2019-11-21_19:19:25.814132] Publish to realtime_wav
[radar/plotter][2019-11-21_19:19:25.815111] Data num : 60Data len : 88000
[radar/receiver][PUB][2019-11-21_19:19:26.616189] Publish to realtime
[radar/analyzer][SUB][2019-11-21_19:19:26.617826] Subscribe from realtime
[radar/analyzer][2019-11-21_19:19:26.617826] Data num : 61Data len : 11876
[radar/analyzer][2019-11-21_19:19:26.816525] Data : (50, 220) Sync : (50,)Sample rate : 5938
[radar/plotter][SUB][2019-11-21_19:19:26.819260] Subscribe from realtime_wav
[radar/analyzer][PUB][2019-11-21_19:19:26.817876] Publish to realtime_wav
[radar/plotter][2019-11-21_19:19:26.819260] Data num : 61Data len : 88000
[radar/receiver][PUB][2019-11-21_19:19:27.619118] Publish to realtime
[radar/analyzer][SUB][2019-11-21_19:19:27.620878] Subscribe from realtime
[radar/analyzer][2019-11-21_19:19:27.620878] Data num : 62Data len : 11876
[radar/analyzer][2019-11-21_19:19:27.820704] Data : (50, 220) Sync : (50,)Sample rate : 5938
[radar/plotter][SUB][2019-11-21_19:19:27.823704] Subscribe from realtime_wav
[radar/analyzer][PUB][2019-11-21_19:19:27.822195] Publish to realtime_wav
[radar/plotter][2019-11-21_19:19:27.823704] Data num : 62Data len : 88000
[radar/receiver][PUB][2019-11-21_19:19:28.622661] Publish to realtime
[radar/analyzer][SUB][2019-11-21_19:19:28.624577] Subscribe from realtime
[radar/analyzer][2019-11-21_19:19:28.624577] Data num : 63Data len : 11876
[radar/analyzer][2019-11-21_19:19:28.830603] Data : (50, 220) Sync : (50,)Sample rate : 5938
[radar/plotter][SUB][2019-11-21_19:19:28.833558] Subscribe from realtime_wav
[radar/analyzer][PUB][2019-11-21_19:19:28.832035] Publish to realtime_wav
[radar/plotter][2019-11-21_19:19:28.833558] Data num : 63Data len : 88000
[radar/receiver][PUB][2019-11-21_19:19:29.623274] Publish to realtime
[radar/analyzer][SUB][2019-11-21_19:19:29.625233] Subscribe from realtime
[radar/analyzer][2019-11-21_19:19:29.625233] Data num : 64Data len : 11876
[radar/analyzer][2019-11-21_19:19:29.834835] Data : (50, 220) Sync : (50,)Sample rate : 5938
[radar/plotter][SUB][2019-11-21_19:19:29.837561] Subscribe from realtime_wav
[radar/analyzer][PUB][2019-11-21_19:19:29.836105] Publish to realtime_wav
[radar/plotter][2019-11-21_19:19:29.837561] Data num : 64Data len : 88000
[radar/receiver][PUB][2019-11-21_19:19:30.624164] Publish to realtime
[radar/analyzer][SUB][2019-11-21_19:19:30.626071] Subscribe from realtime
[radar/analyzer][2019-11-21_19:19:30.626071] Data num : 65Data len : 11876
[radar/analyzer][2019-11-21_19:19:30.834555] Data : (48, 220) Sync : (48,)Sample rate : 5938
[radar/plotter][SUB][2019-11-21_19:19:30.837178] Subscribe from realtime_wav
[radar/analyzer][PUB][2019-11-21_19:19:30.835751] Publish to realtime_wav
[radar/plotter][2019-11-21_19:19:30.837178] Data num : 65Data len : 84480
[radar/receiver][PUB][2019-11-21_19:19:31.624375] Publish to realtime
[radar/analyzer][SUB][2019-11-21_19:19:31.626314] Subscribe from realtime
[radar/analyzer][2019-11-21_19:19:31.626314] Data num : 66Data len : 11876
[radar/analyzer][2019-11-21_19:19:31.790636] Data : (50, 220) Sync : (50,)Sample rate : 5938
[radar/plotter][SUB][2019-11-21_19:19:31.793169] Subscribe from realtime_wav
[radar/analyzer][PUB][2019-11-21_19:19:31.792084] Publish to realtime_wav
[radar/plotter][2019-11-21_19:19:31.793169] Data num : 66Data len : 88000
[radar/receiver][PUB][2019-11-21_19:19:32.626626] Publish to realtime
[radar/analyzer][SUB][2019-11-21_19:19:32.628228] Subscribe from realtime
[radar/analyzer][2019-11-21_19:19:32.628228] Data num : 67Data len : 11874
[radar/analyzer][2019-11-21_19:19:32.796575] Data : (50, 220) Sync : (50,)Sample rate : 5937
[radar/plotter][SUB][2019-11-21_19:19:32.798852] Subscribe from realtime_wav
[radar/analyzer][PUB][2019-11-21_19:19:32.797872] Publish to realtime_wav
[radar/plotter][2019-11-21_19:19:32.798852] Data num : 67Data len : 88000
[radar/receiver][PUB][2019-11-21_19:19:33.629193] Publish to realtime
[radar/analyzer][SUB][2019-11-21_19:19:33.631745] Subscribe from realtime
[radar/analyzer][2019-11-21_19:19:33.631745] Data num : 68Data len : 11874
[radar/analyzer][2019-11-21_19:19:33.801994] Data : (50, 220) Sync : (50,)Sample rate : 5937
[radar/plotter][SUB][2019-11-21_19:19:33.804676] Subscribe from realtime_wav
[radar/analyzer][PUB][2019-11-21_19:19:33.803250] Publish to realtime_wav
[radar/plotter][2019-11-21_19:19:33.804676] Data num : 68Data len : 88000
[radar/receiver][PUB][2019-11-21_19:19:34.630140] Publish to realtime
[radar/analyzer][SUB][2019-11-21_19:19:34.632013] Subscribe from realtime
[radar/analyzer][2019-11-21_19:19:34.632013] Data num : 69Data len : 11874
[radar/analyzer][2019-11-21_19:19:34.804567] Data : (48, 220) Sync : (48,)Sample rate : 5937
[radar/plotter][SUB][2019-11-21_19:19:34.807269] Subscribe from realtime_wav
[radar/analyzer][PUB][2019-11-21_19:19:34.805815] Publish to realtime_wav
[radar/plotter][2019-11-21_19:19:34.807269] Data num : 69Data len : 84480
[radar/receiver][PUB][2019-11-21_19:19:35.633236] Publish to realtime
[radar/analyzer][SUB][2019-11-21_19:19:35.635366] Subscribe from realtime
[radar/analyzer][2019-11-21_19:19:35.635366] Data num : 70Data len : 11874
[radar/analyzer][2019-11-21_19:19:35.813832] Data : (50, 220) Sync : (50,)Sample rate : 5937
[radar/plotter][SUB][2019-11-21_19:19:35.816266] Subscribe from realtime_wav
[radar/analyzer][PUB][2019-11-21_19:19:35.815238] Publish to realtime_wav
[radar/plotter][2019-11-21_19:19:35.816266] Data num : 70Data len : 88000
[radar/receiver][PUB][2019-11-21_19:19:36.634129] Publish to realtime
[radar/analyzer][SUB][2019-11-21_19:19:36.635720] Subscribe from realtime
[radar/analyzer][2019-11-21_19:19:36.635720] Data num : 71Data len : 11874
[radar/analyzer][2019-11-21_19:19:36.819837] Data : (50, 220) Sync : (50,)Sample rate : 5937
[radar/plotter][SUB][2019-11-21_19:19:36.822173] Subscribe from realtime_wav
[radar/analyzer][PUB][2019-11-21_19:19:36.821204] Publish to realtime_wav
[radar/plotter][2019-11-21_19:19:36.822173] Data num : 71Data len : 88000
[radar/receiver][PUB][2019-11-21_19:19:37.634984] Publish to realtime
[radar/analyzer][SUB][2019-11-21_19:19:37.636394] Subscribe from realtime
[radar/analyzer][2019-11-21_19:19:37.636394] Data num : 72Data len : 11874
[radar/analyzer][2019-11-21_19:19:37.821381] Data : (48, 220) Sync : (48,)Sample rate : 5937
[radar/plotter][SUB][2019-11-21_19:19:37.824164] Subscribe from realtime_wav
[radar/analyzer][PUB][2019-11-21_19:19:37.822607] Publish to realtime_wav
[radar/plotter][2019-11-21_19:19:37.824164] Data num : 72Data len : 84480
[radar/receiver][PUB][2019-11-21_19:19:38.638406] Publish to realtime
[radar/analyzer][SUB][2019-11-21_19:19:38.640063] Subscribe from realtime
[radar/analyzer][2019-11-21_19:19:38.640063] Data num : 73Data len : 11874
[radar/analyzer][2019-11-21_19:19:38.828062] Data : (50, 220) Sync : (50,)Sample rate : 5937
[radar/plotter][SUB][2019-11-21_19:19:38.830854] Subscribe from realtime_wav
[radar/analyzer][PUB][2019-11-21_19:19:38.829298] Publish to realtime_wav
[radar/plotter][2019-11-21_19:19:38.830854] Data num : 73Data len : 88000
[radar/receiver][PUB][2019-11-21_19:19:39.639966] Publish to realtime
[radar/analyzer][SUB][2019-11-21_19:19:39.640621] Subscribe from realtime
[radar/analyzer][2019-11-21_19:19:39.640621] Data num : 74Data len : 11874
[radar/analyzer][2019-11-21_19:19:39.832804] Data : (50, 220) Sync : (50,)Sample rate : 5937
[radar/plotter][SUB][2019-11-21_19:19:39.835221] Subscribe from realtime_wav
[radar/analyzer][PUB][2019-11-21_19:19:39.834243] Publish to realtime_wav
[radar/plotter][2019-11-21_19:19:39.835221] Data num : 74Data len : 88000
