[main/log][2019-11-20_19:22:57.354616] log node is initialized..
[main/storage][2019-11-20_19:23:04.827916] storage node is initialized..
[radar/receiver][2019-11-20_19:34:52.273414] receiver connects ROS
[main/decision][2019-11-20_19:35:15.566749] Decision node is initialized..
[main/decision][2019-11-20_19:35:15.627878]  ** init phase **
[main/decision][PUB][2019-11-20_19:35:15.646285] Publish to <operate> topic
[main/decision][2019-11-20_19:35:15.647116] waiting init finished..
[main/decision][2019-11-20_19:35:17.359730] waiting results from radar and camera
[main/decision][SUB][2019-11-20_19:36:11.710951] Subscribe from <rail_end> topic
[main/decision][2019-11-20_19:36:11.711095]  ** start phase **
[main/decision][PUB][2019-11-20_19:36:11.743898] Publish to <operate> topic
[main/decision][2019-11-20_19:36:11.749517] waiting cycle finished..
[radar/receiver][SUB][2019-11-20_19:36:11.775174] Subscribe from operate : start
[radar/receiver][2019-11-20_19:36:11.776220] Begin receiving
[radar/analyzer][SUB][2019-11-20_19:36:12.780205] Subscribe from realtime
[radar/receiver][PUB][2019-11-20_19:36:12.779855] Publish to realtime
[radar/analyzer][2019-11-20_19:36:12.780205] Data num : 0Data len : 11716
[radar/analyzer][2019-11-20_19:36:12.958666] Data : (50, 220) Sync : (50,)Sample rate : 5858
[radar/plotter][SUB][2019-11-20_19:36:12.961822] Subscribe from realtime_wav
[radar/analyzer][PUB][2019-11-20_19:36:12.960595] Publish to realtime_wav
[radar/plotter][2019-11-20_19:36:12.961822] Data num : 0Data len : 88000
[radar/plotter][2019-11-20_19:36:13.691885] Close All
[radar/receiver][PUB][2019-11-20_19:36:13.787772] Publish to realtime
[radar/analyzer][SUB][2019-11-20_19:36:13.789444] Subscribe from realtime
[radar/analyzer][2019-11-20_19:36:13.789444] Data num : 1Data len : 11822
[radar/analyzer][2019-11-20_19:36:13.965891] Data : (48, 220) Sync : (48,)Sample rate : 5911
[radar/plotter][SUB][2019-11-20_19:36:13.968888] Subscribe from realtime_wav
[radar/analyzer][PUB][2019-11-20_19:36:13.967380] Publish to realtime_wav
[radar/plotter][2019-11-20_19:36:13.968888] Data num : 1Data len : 84480
[radar/receiver][PUB][2019-11-20_19:36:14.788210] Publish to realtime
[radar/analyzer][SUB][2019-11-20_19:36:14.790318] Subscribe from realtime
[radar/analyzer][2019-11-20_19:36:14.790318] Data num : 2Data len : 11830
[radar/analyzer][2019-11-20_19:36:14.971758] Data : (50, 220) Sync : (50,)Sample rate : 5915
[radar/plotter][SUB][2019-11-20_19:36:14.974603] Subscribe from realtime_wav
[radar/analyzer][PUB][2019-11-20_19:36:14.974010] Publish to realtime_wav
[radar/plotter][2019-11-20_19:36:14.974603] Data num : 2Data len : 88000
[radar/receiver][PUB][2019-11-20_19:36:15.789857] Publish to realtime
[radar/analyzer][SUB][2019-11-20_19:36:15.791339] Subscribe from realtime
[radar/analyzer][2019-11-20_19:36:15.791339] Data num : 3Data len : 11834
[radar/analyzer][2019-11-20_19:36:15.976369] Data : (50, 220) Sync : (50,)Sample rate : 5917
[radar/plotter][SUB][2019-11-20_19:36:15.979541] Subscribe from realtime_wav
[radar/analyzer][PUB][2019-11-20_19:36:15.977792] Publish to realtime_wav
[radar/plotter][2019-11-20_19:36:15.979541] Data num : 3Data len : 88000
[radar/receiver][PUB][2019-11-20_19:36:16.791375] Publish to realtime
[radar/analyzer][SUB][2019-11-20_19:36:16.792974] Subscribe from realtime
[radar/analyzer][2019-11-20_19:36:16.792974] Data num : 4Data len : 11838
[radar/analyzer][2019-11-20_19:36:16.978877] Data : (50, 220) Sync : (50,)Sample rate : 5919
[radar/plotter][SUB][2019-11-20_19:36:16.981405] Subscribe from realtime_wav
[radar/analyzer][PUB][2019-11-20_19:36:16.980452] Publish to realtime_wav
[radar/plotter][2019-11-20_19:36:16.981405] Data num : 4Data len : 88000
[radar/analyzer][SUB][2019-11-20_19:36:17.796981] Subscribe from realtime
[radar/receiver][PUB][2019-11-20_19:36:17.796933] Publish to realtime
[radar/analyzer][2019-11-20_19:36:17.796981] Data num : 5Data len : 11848
[radar/analyzer][2019-11-20_19:36:17.984875] Data : (50, 220) Sync : (50,)Sample rate : 5924
[radar/plotter][SUB][2019-11-20_19:36:17.987381] Subscribe from realtime_wav
[radar/analyzer][PUB][2019-11-20_19:36:17.986413] Publish to realtime_wav
[radar/plotter][2019-11-20_19:36:17.987381] Data num : 5Data len : 88000
[radar/analyzer][SUB][2019-11-20_19:36:18.803196] Subscribe from realtime
[radar/receiver][PUB][2019-11-20_19:36:18.803009] Publish to realtime
[radar/analyzer][2019-11-20_19:36:18.803196] Data num : 6Data len : 11856
[radar/analyzer][2019-11-20_19:36:18.993424] Data : (50, 220) Sync : (50,)Sample rate : 5928
[radar/plotter][SUB][2019-11-20_19:36:18.996463] Subscribe from realtime_wav
[radar/analyzer][PUB][2019-11-20_19:36:18.994951] Publish to realtime_wav
[radar/plotter][2019-11-20_19:36:18.996463] Data num : 6Data len : 88000
[radar/receiver][PUB][2019-11-20_19:36:19.805839] Publish to realtime
[radar/analyzer][SUB][2019-11-20_19:36:19.807180] Subscribe from realtime
[radar/analyzer][2019-11-20_19:36:19.807180] Data num : 7Data len : 11858
[radar/analyzer][2019-11-20_19:36:19.996638] Data : (48, 220) Sync : (48,)Sample rate : 5929
[radar/plotter][SUB][2019-11-20_19:36:19.999188] Subscribe from realtime_wav
[radar/analyzer][PUB][2019-11-20_19:36:19.998139] Publish to realtime_wav
[radar/plotter][2019-11-20_19:36:19.999188] Data num : 7Data len : 84480
[radar/receiver][PUB][2019-11-20_19:36:20.805866] Publish to realtime
[radar/analyzer][SUB][2019-11-20_19:36:20.806314] Subscribe from realtime
[radar/analyzer][2019-11-20_19:36:20.806314] Data num : 8Data len : 11856
[radar/analyzer][2019-11-20_19:36:21.004641] Data : (50, 220) Sync : (50,)Sample rate : 5928
[radar/plotter][SUB][2019-11-20_19:36:21.007346] Subscribe from realtime_wav
[radar/analyzer][PUB][2019-11-20_19:36:21.006308] Publish to realtime_wav
[radar/plotter][2019-11-20_19:36:21.007346] Data num : 8Data len : 88000
[radar/receiver][PUB][2019-11-20_19:36:21.806412] Publish to realtime
[radar/analyzer][SUB][2019-11-20_19:36:21.807967] Subscribe from realtime
[radar/analyzer][2019-11-20_19:36:21.807967] Data num : 9Data len : 11854
[radar/analyzer][2019-11-20_19:36:22.008890] Data : (50, 220) Sync : (50,)Sample rate : 5927
[radar/plotter][SUB][2019-11-20_19:36:22.012035] Subscribe from realtime_wav
[radar/analyzer][PUB][2019-11-20_19:36:22.010576] Publish to realtime_wav
[radar/plotter][2019-11-20_19:36:22.012035] Data num : 9Data len : 88000
[radar/receiver][PUB][2019-11-20_19:36:22.808288] Publish to realtime
[radar/analyzer][SUB][2019-11-20_19:36:22.810635] Subscribe from realtime
[radar/analyzer][2019-11-20_19:36:22.810635] Data num : 10Data len : 11854
[radar/analyzer][2019-11-20_19:36:23.016392] Data : (50, 220) Sync : (50,)Sample rate : 5927
[radar/plotter][SUB][2019-11-20_19:36:23.019593] Subscribe from realtime_wav
[radar/analyzer][PUB][2019-11-20_19:36:23.018049] Publish to realtime_wav
[radar/plotter][2019-11-20_19:36:23.019593] Data num : 10Data len : 88000
[radar/receiver][PUB][2019-11-20_19:36:23.808386] Publish to realtime
[radar/analyzer][SUB][2019-11-20_19:36:23.809848] Subscribe from realtime
[radar/analyzer][2019-11-20_19:36:23.809848] Data num : 11Data len : 11854
[radar/analyzer][2019-11-20_19:36:23.965300] Data : (48, 220) Sync : (48,)Sample rate : 5927
[radar/analyzer][PUB][2019-11-20_19:36:23.966883] Publish to realtime_wav
[radar/plotter][SUB][2019-11-20_19:36:23.968543] Subscribe from realtime_wav
[radar/plotter][2019-11-20_19:36:23.968543] Data num : 11Data len : 84480
[radar/receiver][PUB][2019-11-20_19:36:24.808718] Publish to realtime
[radar/analyzer][SUB][2019-11-20_19:36:24.810292] Subscribe from realtime
[radar/analyzer][2019-11-20_19:36:24.810292] Data num : 12Data len : 11852
[radar/analyzer][2019-11-20_19:36:24.971757] Data : (50, 220) Sync : (50,)Sample rate : 5926
[radar/plotter][SUB][2019-11-20_19:36:24.974490] Subscribe from realtime_wav
[radar/analyzer][PUB][2019-11-20_19:36:24.973425] Publish to realtime_wav
[radar/plotter][2019-11-20_19:36:24.974490] Data num : 12Data len : 88000
[radar/receiver][PUB][2019-11-20_19:36:25.811539] Publish to realtime
[radar/analyzer][SUB][2019-11-20_19:36:25.813166] Subscribe from realtime
[radar/analyzer][2019-11-20_19:36:25.813166] Data num : 13Data len : 11854
[radar/analyzer][2019-11-20_19:36:25.977023] Data : (50, 220) Sync : (50,)Sample rate : 5927
[radar/plotter][SUB][2019-11-20_19:36:25.980294] Subscribe from realtime_wav
[radar/analyzer][PUB][2019-11-20_19:36:25.978687] Publish to realtime_wav
[radar/plotter][2019-11-20_19:36:25.980294] Data num : 13Data len : 88000
[radar/receiver][PUB][2019-11-20_19:36:26.812489] Publish to realtime
[radar/analyzer][SUB][2019-11-20_19:36:26.814098] Subscribe from realtime
[radar/analyzer][2019-11-20_19:36:26.814098] Data num : 14Data len : 11854
[radar/analyzer][2019-11-20_19:36:26.984298] Data : (48, 220) Sync : (48,)Sample rate : 5927
[radar/plotter][SUB][2019-11-20_19:36:26.987169] Subscribe from realtime_wav
[radar/analyzer][PUB][2019-11-20_19:36:26.985774] Publish to realtime_wav
[radar/plotter][2019-11-20_19:36:26.987169] Data num : 14Data len : 84480
[radar/receiver][PUB][2019-11-20_19:36:27.816248] Publish to realtime
[radar/analyzer][SUB][2019-11-20_19:36:27.817754] Subscribe from realtime
[radar/analyzer][2019-11-20_19:36:27.817754] Data num : 15Data len : 11854
[radar/analyzer][2019-11-20_19:36:27.992620] Data : (50, 220) Sync : (50,)Sample rate : 5927
[radar/plotter][SUB][2019-11-20_19:36:27.995288] Subscribe from realtime_wav
[radar/analyzer][PUB][2019-11-20_19:36:27.994142] Publish to realtime_wav
[radar/plotter][2019-11-20_19:36:27.995288] Data num : 15Data len : 88000
[radar/receiver][PUB][2019-11-20_19:36:28.820805] Publish to realtime
[radar/analyzer][SUB][2019-11-20_19:36:28.820997] Subscribe from realtime
[radar/analyzer][2019-11-20_19:36:28.820997] Data num : 16Data len : 11856
[radar/analyzer][2019-11-20_19:36:28.994282] Data : (50, 220) Sync : (50,)Sample rate : 5928
[radar/plotter][SUB][2019-11-20_19:36:28.996739] Subscribe from realtime_wav
[radar/analyzer][PUB][2019-11-20_19:36:28.995804] Publish to realtime_wav
[radar/plotter][2019-11-20_19:36:28.996739] Data num : 16Data len : 88000
[radar/analyzer][SUB][2019-11-20_19:36:29.824304] Subscribe from realtime
[radar/receiver][PUB][2019-11-20_19:36:29.824096] Publish to realtime
[radar/analyzer][2019-11-20_19:36:29.824304] Data num : 17Data len : 11858
[radar/analyzer][2019-11-20_19:36:30.001380] Data : (48, 220) Sync : (48,)Sample rate : 5929
[radar/plotter][SUB][2019-11-20_19:36:30.004403] Subscribe from realtime_wav
[radar/analyzer][PUB][2019-11-20_19:36:30.002872] Publish to realtime_wav
[radar/plotter][2019-11-20_19:36:30.004403] Data num : 17Data len : 84480
[radar/receiver][PUB][2019-11-20_19:36:30.828851] Publish to realtime
[radar/analyzer][SUB][2019-11-20_19:36:30.829018] Subscribe from realtime
[radar/analyzer][2019-11-20_19:36:30.829018] Data num : 18Data len : 11860
[radar/analyzer][2019-11-20_19:36:31.002485] Data : (50, 220) Sync : (50,)Sample rate : 5930
[radar/plotter][SUB][2019-11-20_19:36:31.005630] Subscribe from realtime_wav
[radar/analyzer][PUB][2019-11-20_19:36:31.004222] Publish to realtime_wav
[radar/plotter][2019-11-20_19:36:31.005630] Data num : 18Data len : 88000
[radar/analyzer][SUB][2019-11-20_19:36:31.832277] Subscribe from realtime
[radar/receiver][PUB][2019-11-20_19:36:31.832082] Publish to realtime
[radar/analyzer][2019-11-20_19:36:31.832277] Data num : 19Data len : 11860
[radar/analyzer][2019-11-20_19:36:32.012903] Data : (50, 220) Sync : (50,)Sample rate : 5930
[radar/plotter][SUB][2019-11-20_19:36:32.015145] Subscribe from realtime_wav
[radar/analyzer][PUB][2019-11-20_19:36:32.014303] Publish to realtime_wav
[radar/plotter][2019-11-20_19:36:32.015145] Data num : 19Data len : 88000
[radar/analyzer][SUB][2019-11-20_19:36:32.836501] Subscribe from realtime
[radar/receiver][PUB][2019-11-20_19:36:32.837571] Publish to realtime
[radar/analyzer][2019-11-20_19:36:32.836501] Data num : 20Data len : 11862
[radar/analyzer][2019-11-20_19:36:33.026631] Data : (50, 220) Sync : (50,)Sample rate : 5931
[radar/plotter][SUB][2019-11-20_19:36:33.029502] Subscribe from realtime_wav
[radar/analyzer][PUB][2019-11-20_19:36:33.028135] Publish to realtime_wav
[radar/plotter][2019-11-20_19:36:33.029502] Data num : 20Data len : 88000
[radar/receiver][PUB][2019-11-20_19:36:33.837741] Publish to realtime
[radar/analyzer][SUB][2019-11-20_19:36:33.839263] Subscribe from realtime
[radar/analyzer][2019-11-20_19:36:33.839263] Data num : 21Data len : 11862
[radar/analyzer][2019-11-20_19:36:34.020648] Data : (50, 220) Sync : (50,)Sample rate : 5931
[radar/plotter][SUB][2019-11-20_19:36:34.022981] Subscribe from realtime_wav
[radar/analyzer][PUB][2019-11-20_19:36:34.022107] Publish to realtime_wav
[radar/plotter][2019-11-20_19:36:34.022981] Data num : 21Data len : 88000
[radar/receiver][PUB][2019-11-20_19:36:34.838225] Publish to realtime
[radar/analyzer][SUB][2019-11-20_19:36:34.840175] Subscribe from realtime
[radar/analyzer][2019-11-20_19:36:34.840175] Data num : 22Data len : 11860
[radar/analyzer][2019-11-20_19:36:35.035887] Data : (50, 220) Sync : (50,)Sample rate : 5930
[radar/plotter][SUB][2019-11-20_19:36:35.038355] Subscribe from realtime_wav
[radar/analyzer][PUB][2019-11-20_19:36:35.037770] Publish to realtime_wav
[radar/plotter][2019-11-20_19:36:35.038355] Data num : 22Data len : 88000
[radar/receiver][PUB][2019-11-20_19:36:35.842202] Publish to realtime
[radar/analyzer][SUB][2019-11-20_19:36:35.843704] Subscribe from realtime
[radar/analyzer][2019-11-20_19:36:35.843704] Data num : 23Data len : 11862
[radar/analyzer][2019-11-20_19:36:36.030723] Data : (50, 220) Sync : (50,)Sample rate : 5931
[radar/plotter][SUB][2019-11-20_19:36:36.033631] Subscribe from realtime_wav
[radar/analyzer][PUB][2019-11-20_19:36:36.032107] Publish to realtime_wav
[radar/plotter][2019-11-20_19:36:36.033631] Data num : 23Data len : 88000
[radar/receiver][PUB][2019-11-20_19:36:36.842621] Publish to realtime
[radar/analyzer][SUB][2019-11-20_19:36:36.844283] Subscribe from realtime
[radar/analyzer][2019-11-20_19:36:36.844283] Data num : 24Data len : 11860
[radar/analyzer][2019-11-20_19:36:37.034366] Data : (50, 220) Sync : (50,)Sample rate : 5930
[radar/plotter][SUB][2019-11-20_19:36:37.037158] Subscribe from realtime_wav
[radar/analyzer][PUB][2019-11-20_19:36:37.035689] Publish to realtime_wav
[radar/plotter][2019-11-20_19:36:37.037158] Data num : 24Data len : 88000
[radar/receiver][PUB][2019-11-20_19:36:37.843746] Publish to realtime
[radar/analyzer][SUB][2019-11-20_19:36:37.845358] Subscribe from realtime
[radar/analyzer][2019-11-20_19:36:37.845358] Data num : 25Data len : 11860
[radar/analyzer][2019-11-20_19:36:38.039745] Data : (50, 220) Sync : (50,)Sample rate : 5930
[radar/plotter][SUB][2019-11-20_19:36:38.042058] Subscribe from realtime_wav
[radar/analyzer][PUB][2019-11-20_19:36:38.041194] Publish to realtime_wav
[radar/plotter][2019-11-20_19:36:38.042058] Data num : 25Data len : 88000
[radar/receiver][PUB][2019-11-20_19:36:38.847629] Publish to realtime
[radar/analyzer][SUB][2019-11-20_19:36:38.848301] Subscribe from realtime
[radar/analyzer][2019-11-20_19:36:38.848301] Data num : 26Data len : 11860
[radar/analyzer][2019-11-20_19:36:39.054574] Data : (48, 220) Sync : (48,)Sample rate : 5930
[radar/plotter][SUB][2019-11-20_19:36:39.057116] Subscribe from realtime_wav
[radar/analyzer][PUB][2019-11-20_19:36:39.056534] Publish to realtime_wav
[radar/plotter][2019-11-20_19:36:39.057116] Data num : 26Data len : 84480
[radar/receiver][PUB][2019-11-20_19:36:39.855342] Publish to realtime
[radar/analyzer][SUB][2019-11-20_19:36:39.857187] Subscribe from realtime
[radar/analyzer][2019-11-20_19:36:39.857187] Data num : 27Data len : 11864
[radar/analyzer][2019-11-20_19:36:40.063291] Data : (50, 220) Sync : (50,)Sample rate : 5932
[radar/plotter][SUB][2019-11-20_19:36:40.066039] Subscribe from realtime_wav
[radar/analyzer][PUB][2019-11-20_19:36:40.065414] Publish to realtime_wav
[radar/plotter][2019-11-20_19:36:40.066039] Data num : 27Data len : 88000
[radar/receiver][PUB][2019-11-20_19:36:40.857258] Publish to realtime
[radar/analyzer][SUB][2019-11-20_19:36:40.859022] Subscribe from realtime
[radar/analyzer][2019-11-20_19:36:40.859022] Data num : 28Data len : 11864
[radar/analyzer][2019-11-20_19:36:41.061126] Data : (50, 220) Sync : (50,)Sample rate : 5932
[radar/plotter][SUB][2019-11-20_19:36:41.064298] Subscribe from realtime_wav
[radar/analyzer][PUB][2019-11-20_19:36:41.062724] Publish to realtime_wav
[radar/plotter][2019-11-20_19:36:41.064298] Data num : 28Data len : 88000
[radar/analyzer][SUB][2019-11-20_19:36:41.864841] Subscribe from realtime
[radar/receiver][PUB][2019-11-20_19:36:41.864630] Publish to realtime
[radar/analyzer][2019-11-20_19:36:41.864841] Data num : 29Data len : 11866
[radar/analyzer][2019-11-20_19:36:42.068623] Data : (50, 220) Sync : (50,)Sample rate : 5933
[radar/plotter][SUB][2019-11-20_19:36:42.071092] Subscribe from realtime_wav
[radar/analyzer][PUB][2019-11-20_19:36:42.070175] Publish to realtime_wav
[radar/plotter][2019-11-20_19:36:42.071092] Data num : 29Data len : 88000
[radar/analyzer][SUB][2019-11-20_19:36:42.868922] Subscribe from realtime
[radar/receiver][PUB][2019-11-20_19:36:42.868724] Publish to realtime
[radar/analyzer][2019-11-20_19:36:42.868922] Data num : 30Data len : 11866
[radar/analyzer][2019-11-20_19:36:43.074425] Data : (50, 220) Sync : (50,)Sample rate : 5933
[radar/plotter][SUB][2019-11-20_19:36:43.077209] Subscribe from realtime_wav
[radar/analyzer][PUB][2019-11-20_19:36:43.075761] Publish to realtime_wav
[radar/plotter][2019-11-20_19:36:43.077209] Data num : 30Data len : 88000
[radar/analyzer][SUB][2019-11-20_19:36:43.874439] Subscribe from realtime
[radar/receiver][PUB][2019-11-20_19:36:43.874245] Publish to realtime
[radar/analyzer][2019-11-20_19:36:43.874439] Data num : 31Data len : 11868
[radar/analyzer][2019-11-20_19:36:44.080120] Data : (48, 220) Sync : (48,)Sample rate : 5934
[radar/plotter][SUB][2019-11-20_19:36:44.082852] Subscribe from realtime_wav
[radar/analyzer][PUB][2019-11-20_19:36:44.081448] Publish to realtime_wav
[radar/plotter][2019-11-20_19:36:44.082852] Data num : 31Data len : 84480
[radar/analyzer][SUB][2019-11-20_19:36:44.879100] Subscribe from realtime
[radar/receiver][PUB][2019-11-20_19:36:44.878907] Publish to realtime
[radar/analyzer][2019-11-20_19:36:44.879100] Data num : 32Data len : 11868
[radar/analyzer][2019-11-20_19:36:45.087517] Data : (50, 220) Sync : (50,)Sample rate : 5934
[radar/plotter][SUB][2019-11-20_19:36:45.090570] Subscribe from realtime_wav
[radar/analyzer][PUB][2019-11-20_19:36:45.089065] Publish to realtime_wav
[radar/plotter][2019-11-20_19:36:45.090570] Data num : 32Data len : 88000
[radar/analyzer][SUB][2019-11-20_19:36:45.882914] Subscribe from realtime
[radar/receiver][PUB][2019-11-20_19:36:45.882716] Publish to realtime
[radar/analyzer][2019-11-20_19:36:45.882914] Data num : 33Data len : 11868
[radar/analyzer][2019-11-20_19:36:46.042485] Data : (50, 220) Sync : (50,)Sample rate : 5934
[radar/plotter][SUB][2019-11-20_19:36:46.044998] Subscribe from realtime_wav
[radar/analyzer][PUB][2019-11-20_19:36:46.044031] Publish to realtime_wav
[radar/plotter][2019-11-20_19:36:46.044998] Data num : 33Data len : 88000
[radar/analyzer][SUB][2019-11-20_19:36:46.886668] Subscribe from realtime
[radar/receiver][PUB][2019-11-20_19:36:46.886479] Publish to realtime
[radar/analyzer][2019-11-20_19:36:46.886668] Data num : 34Data len : 11868
[radar/analyzer][2019-11-20_19:36:47.049191] Data : (48, 220) Sync : (48,)Sample rate : 5934
[radar/plotter][SUB][2019-11-20_19:36:47.051665] Subscribe from realtime_wav
[radar/analyzer][PUB][2019-11-20_19:36:47.050654] Publish to realtime_wav
[radar/plotter][2019-11-20_19:36:47.051665] Data num : 34Data len : 84480
[radar/analyzer][SUB][2019-11-20_19:36:47.889748] Subscribe from realtime
[radar/receiver][PUB][2019-11-20_19:36:47.889556] Publish to realtime
[radar/analyzer][2019-11-20_19:36:47.889748] Data num : 35Data len : 11868
[radar/analyzer][2019-11-20_19:36:48.054916] Data : (50, 220) Sync : (50,)Sample rate : 5934
[radar/plotter][SUB][2019-11-20_19:36:48.057784] Subscribe from realtime_wav
[radar/analyzer][PUB][2019-11-20_19:36:48.056320] Publish to realtime_wav
[radar/plotter][2019-11-20_19:36:48.057784] Data num : 35Data len : 88000
[radar/analyzer][SUB][2019-11-20_19:36:48.893016] Subscribe from realtime
[radar/receiver][PUB][2019-11-20_19:36:48.892809] Publish to realtime
[radar/analyzer][2019-11-20_19:36:48.893016] Data num : 36Data len : 11868
[radar/analyzer][2019-11-20_19:36:49.061699] Data : (50, 220) Sync : (50,)Sample rate : 5934
[radar/plotter][SUB][2019-11-20_19:36:49.064294] Subscribe from realtime_wav
[radar/analyzer][PUB][2019-11-20_19:36:49.062951] Publish to realtime_wav
[radar/plotter][2019-11-20_19:36:49.064294] Data num : 36Data len : 88000
[radar/receiver][PUB][2019-11-20_19:36:49.897306] Publish to realtime
[radar/analyzer][SUB][2019-11-20_19:36:49.897397] Subscribe from realtime
[radar/analyzer][2019-11-20_19:36:49.897397] Data num : 37Data len : 11870
[radar/analyzer][2019-11-20_19:36:50.069035] Data : (50, 220) Sync : (50,)Sample rate : 5935
[radar/plotter][SUB][2019-11-20_19:36:50.071381] Subscribe from realtime_wav
[radar/analyzer][PUB][2019-11-20_19:36:50.070370] Publish to realtime_wav
[radar/plotter][2019-11-20_19:36:50.071381] Data num : 37Data len : 88000
[radar/analyzer][SUB][2019-11-20_19:36:50.900989] Subscribe from realtime
[radar/receiver][PUB][2019-11-20_19:36:50.900799] Publish to realtime
[radar/analyzer][2019-11-20_19:36:50.900989] Data num : 38Data len : 11870
[radar/analyzer][2019-11-20_19:36:51.073569] Data : (50, 220) Sync : (50,)Sample rate : 5935
[radar/plotter][SUB][2019-11-20_19:36:51.076454] Subscribe from realtime_wav
[radar/analyzer][PUB][2019-11-20_19:36:51.075050] Publish to realtime_wav
[radar/plotter][2019-11-20_19:36:51.076454] Data num : 38Data len : 88000
[radar/analyzer][SUB][2019-11-20_19:36:51.904859] Subscribe from realtime
[radar/receiver][PUB][2019-11-20_19:36:51.904659] Publish to realtime
[radar/analyzer][2019-11-20_19:36:51.904859] Data num : 39Data len : 11870
[radar/analyzer][2019-11-20_19:36:52.080652] Data : (50, 220) Sync : (50,)Sample rate : 5935
[radar/plotter][SUB][2019-11-20_19:36:52.083383] Subscribe from realtime_wav
[radar/analyzer][PUB][2019-11-20_19:36:52.082296] Publish to realtime_wav
[radar/plotter][2019-11-20_19:36:52.083383] Data num : 39Data len : 88000
[radar/receiver][PUB][2019-11-20_19:36:52.907237] Publish to realtime
[radar/analyzer][SUB][2019-11-20_19:36:52.907717] Subscribe from realtime
[radar/analyzer][2019-11-20_19:36:52.907717] Data num : 40Data len : 11870
[radar/analyzer][2019-11-20_19:36:53.086525] Data : (50, 220) Sync : (50,)Sample rate : 5935
[radar/plotter][SUB][2019-11-20_19:36:53.088954] Subscribe from realtime_wav
[radar/analyzer][PUB][2019-11-20_19:36:53.087831] Publish to realtime_wav
[radar/plotter][2019-11-20_19:36:53.088954] Data num : 40Data len : 88000
[radar/receiver][PUB][2019-11-20_19:36:53.909179] Publish to realtime
[radar/analyzer][SUB][2019-11-20_19:36:53.909651] Subscribe from realtime
[radar/analyzer][2019-11-20_19:36:53.909651] Data num : 41Data len : 11870
[radar/analyzer][2019-11-20_19:36:54.090854] Data : (50, 220) Sync : (50,)Sample rate : 5935
[radar/plotter][SUB][2019-11-20_19:36:54.093398] Subscribe from realtime_wav
[radar/analyzer][PUB][2019-11-20_19:36:54.092260] Publish to realtime_wav
[radar/plotter][2019-11-20_19:36:54.093398] Data num : 41Data len : 88000
[radar/receiver][PUB][2019-11-20_19:36:54.909471] Publish to realtime
[radar/analyzer][SUB][2019-11-20_19:36:54.910080] Subscribe from realtime
[radar/analyzer][2019-11-20_19:36:54.910080] Data num : 42Data len : 11868
[radar/analyzer][2019-11-20_19:36:55.094276] Data : (50, 220) Sync : (50,)Sample rate : 5934
[radar/plotter][SUB][2019-11-20_19:36:55.096934] Subscribe from realtime_wav
[radar/analyzer][PUB][2019-11-20_19:36:55.095596] Publish to realtime_wav
[radar/plotter][2019-11-20_19:36:55.096934] Data num : 42Data len : 88000
[radar/receiver][PUB][2019-11-20_19:36:55.910277] Publish to realtime
[radar/analyzer][SUB][2019-11-20_19:36:55.910756] Subscribe from realtime
[radar/analyzer][2019-11-20_19:36:55.910756] Data num : 43Data len : 11868
[radar/analyzer][2019-11-20_19:36:56.097156] Data : (48, 220) Sync : (48,)Sample rate : 5934
[radar/plotter][SUB][2019-11-20_19:36:56.100022] Subscribe from realtime_wav
[radar/analyzer][PUB][2019-11-20_19:36:56.098440] Publish to realtime_wav
[radar/plotter][2019-11-20_19:36:56.100022] Data num : 43Data len : 84480
[radar/receiver][PUB][2019-11-20_19:36:56.912846] Publish to realtime
[radar/analyzer][SUB][2019-11-20_19:36:56.913051] Subscribe from realtime
[radar/analyzer][2019-11-20_19:36:56.913051] Data num : 44Data len : 11868
[radar/analyzer][2019-11-20_19:36:57.102531] Data : (50, 220) Sync : (50,)Sample rate : 5934
[radar/plotter][SUB][2019-11-20_19:36:57.105294] Subscribe from realtime_wav
[radar/analyzer][PUB][2019-11-20_19:36:57.103937] Publish to realtime_wav
[radar/plotter][2019-11-20_19:36:57.105294] Data num : 44Data len : 88000
[radar/receiver][PUB][2019-11-20_19:36:57.916802] Publish to realtime
[radar/analyzer][SUB][2019-11-20_19:36:57.917003] Subscribe from realtime
[radar/analyzer][2019-11-20_19:36:57.917003] Data num : 45Data len : 11868
[radar/analyzer][2019-11-20_19:36:58.110275] Data : (50, 220) Sync : (50,)Sample rate : 5934
[radar/plotter][SUB][2019-11-20_19:36:58.112841] Subscribe from realtime_wav
[radar/analyzer][PUB][2019-11-20_19:36:58.111738] Publish to realtime_wav
[radar/plotter][2019-11-20_19:36:58.112841] Data num : 45Data len : 88000
[radar/receiver][PUB][2019-11-20_19:36:58.921324] Publish to realtime
[radar/analyzer][SUB][2019-11-20_19:36:58.921395] Subscribe from realtime
[radar/analyzer][2019-11-20_19:36:58.921395] Data num : 46Data len : 11870
[radar/analyzer][2019-11-20_19:36:59.117629] Data : (50, 220) Sync : (50,)Sample rate : 5935
[radar/plotter][SUB][2019-11-20_19:36:59.120186] Subscribe from realtime_wav
[radar/analyzer][PUB][2019-11-20_19:36:59.119087] Publish to realtime_wav
[radar/plotter][2019-11-20_19:36:59.120186] Data num : 46Data len : 88000
[radar/analyzer][SUB][2019-11-20_19:36:59.926643] Subscribe from realtime
[radar/receiver][PUB][2019-11-20_19:36:59.926675] Publish to realtime
[radar/analyzer][2019-11-20_19:36:59.926643] Data num : 47Data len : 11870
[radar/analyzer][2019-11-20_19:37:00.124218] Data : (50, 220) Sync : (50,)Sample rate : 5935
[radar/plotter][SUB][2019-11-20_19:37:00.126636] Subscribe from realtime_wav
[radar/analyzer][PUB][2019-11-20_19:37:00.125641] Publish to realtime_wav
[radar/plotter][2019-11-20_19:37:00.126636] Data num : 47Data len : 88000
[radar/receiver][PUB][2019-11-20_19:37:00.933722] Publish to realtime
[radar/analyzer][SUB][2019-11-20_19:37:00.933917] Subscribe from realtime
[radar/analyzer][2019-11-20_19:37:00.933917] Data num : 48Data len : 11870
[radar/analyzer][2019-11-20_19:37:01.131113] Data : (50, 220) Sync : (50,)Sample rate : 5935
[radar/plotter][SUB][2019-11-20_19:37:01.134068] Subscribe from realtime_wav
[radar/analyzer][PUB][2019-11-20_19:37:01.132583] Publish to realtime_wav
[radar/plotter][2019-11-20_19:37:01.134068] Data num : 48Data len : 88000
[radar/analyzer][SUB][2019-11-20_19:37:01.938101] Subscribe from realtime
[radar/receiver][PUB][2019-11-20_19:37:01.937903] Publish to realtime
[radar/analyzer][2019-11-20_19:37:01.938101] Data num : 49Data len : 11872
[radar/analyzer][2019-11-20_19:37:02.137898] Data : (50, 220) Sync : (50,)Sample rate : 5936
[radar/plotter][SUB][2019-11-20_19:37:02.140802] Subscribe from realtime_wav
[radar/analyzer][PUB][2019-11-20_19:37:02.139171] Publish to realtime_wav
[radar/plotter][2019-11-20_19:37:02.140802] Data num : 49Data len : 88000
[radar/receiver][PUB][2019-11-20_19:37:02.942584] Publish to realtime
[radar/analyzer][SUB][2019-11-20_19:37:02.942779] Subscribe from realtime
[radar/analyzer][2019-11-20_19:37:02.942779] Data num : 50Data len : 11872
[radar/analyzer][2019-11-20_19:37:03.142938] Data : (50, 220) Sync : (50,)Sample rate : 5936
[radar/plotter][SUB][2019-11-20_19:37:03.145881] Subscribe from realtime_wav
[radar/analyzer][PUB][2019-11-20_19:37:03.144408] Publish to realtime_wav
[radar/plotter][2019-11-20_19:37:03.145881] Data num : 50Data len : 88000
[radar/analyzer][SUB][2019-11-20_19:37:03.949604] Subscribe from realtime
[radar/receiver][PUB][2019-11-20_19:37:03.949403] Publish to realtime
[radar/analyzer][2019-11-20_19:37:03.949604] Data num : 51Data len : 11872
[radar/analyzer][2019-11-20_19:37:04.153307] Data : (50, 220) Sync : (50,)Sample rate : 5936
[radar/plotter][SUB][2019-11-20_19:37:04.155775] Subscribe from realtime_wav
[radar/analyzer][PUB][2019-11-20_19:37:04.154713] Publish to realtime_wav
[radar/plotter][2019-11-20_19:37:04.155775] Data num : 51Data len : 88000
[radar/receiver][PUB][2019-11-20_19:37:04.952985] Publish to realtime
[radar/analyzer][SUB][2019-11-20_19:37:04.954879] Subscribe from realtime
[radar/analyzer][2019-11-20_19:37:04.954879] Data num : 52Data len : 11872
[radar/analyzer][2019-11-20_19:37:05.156628] Data : (50, 220) Sync : (50,)Sample rate : 5936
[radar/plotter][SUB][2019-11-20_19:37:05.159412] Subscribe from realtime_wav
[radar/analyzer][PUB][2019-11-20_19:37:05.157930] Publish to realtime_wav
[radar/plotter][2019-11-20_19:37:05.159412] Data num : 52Data len : 88000
[radar/receiver][PUB][2019-11-20_19:37:05.954822] Publish to realtime
[radar/analyzer][SUB][2019-11-20_19:37:05.955394] Subscribe from realtime
[radar/analyzer][2019-11-20_19:37:05.955394] Data num : 53Data len : 11872
[radar/analyzer][2019-11-20_19:37:06.162222] Data : (50, 220) Sync : (50,)Sample rate : 5936
[radar/plotter][SUB][2019-11-20_19:37:06.165017] Subscribe from realtime_wav
[radar/analyzer][PUB][2019-11-20_19:37:06.163600] Publish to realtime_wav
[radar/plotter][2019-11-20_19:37:06.165017] Data num : 53Data len : 88000
[radar/receiver][PUB][2019-11-20_19:37:06.958769] Publish to realtime
[radar/analyzer][SUB][2019-11-20_19:37:06.959267] Subscribe from realtime
[radar/analyzer][2019-11-20_19:37:06.959267] Data num : 54Data len : 11872
[radar/analyzer][2019-11-20_19:37:07.168375] Data : (50, 220) Sync : (50,)Sample rate : 5936
[radar/plotter][SUB][2019-11-20_19:37:07.171130] Subscribe from realtime_wav
[radar/analyzer][PUB][2019-11-20_19:37:07.169987] Publish to realtime_wav
[radar/plotter][2019-11-20_19:37:07.171130] Data num : 54Data len : 88000
[radar/analyzer][SUB][2019-11-20_19:37:07.964039] Subscribe from realtime
[radar/receiver][PUB][2019-11-20_19:37:07.963840] Publish to realtime
[radar/analyzer][2019-11-20_19:37:07.964039] Data num : 55Data len : 11872
[radar/analyzer][2019-11-20_19:37:08.124103] Data : (50, 220) Sync : (50,)Sample rate : 5936
[radar/plotter][SUB][2019-11-20_19:37:08.126656] Subscribe from realtime_wav
[radar/analyzer][PUB][2019-11-20_19:37:08.125630] Publish to realtime_wav
[radar/plotter][2019-11-20_19:37:08.126656] Data num : 55Data len : 88000
[radar/receiver][PUB][2019-11-20_19:37:08.967790] Publish to realtime
[radar/analyzer][SUB][2019-11-20_19:37:08.967970] Subscribe from realtime
[radar/analyzer][2019-11-20_19:37:08.967970] Data num : 56Data len : 11874
[radar/analyzer][2019-11-20_19:37:09.127003] Data : (48, 220) Sync : (48,)Sample rate : 5937
[radar/plotter][SUB][2019-11-20_19:37:09.129428] Subscribe from realtime_wav
[radar/analyzer][PUB][2019-11-20_19:37:09.128700] Publish to realtime_wav
[radar/plotter][2019-11-20_19:37:09.129428] Data num : 56Data len : 84480
[radar/receiver][PUB][2019-11-20_19:37:09.972711] Publish to realtime
[radar/analyzer][SUB][2019-11-20_19:37:09.972914] Subscribe from realtime
[radar/analyzer][2019-11-20_19:37:09.972914] Data num : 57Data len : 11874
[radar/analyzer][2019-11-20_19:37:10.135289] Data : (50, 220) Sync : (50,)Sample rate : 5937
[radar/plotter][SUB][2019-11-20_19:37:10.138285] Subscribe from realtime_wav
[radar/analyzer][PUB][2019-11-20_19:37:10.136830] Publish to realtime_wav
[radar/plotter][2019-11-20_19:37:10.138285] Data num : 57Data len : 88000
[radar/receiver][PUB][2019-11-20_19:37:10.972915] Publish to realtime
[radar/analyzer][SUB][2019-11-20_19:37:10.974549] Subscribe from realtime
[radar/analyzer][2019-11-20_19:37:10.974549] Data num : 58Data len : 11874
[radar/analyzer][2019-11-20_19:37:11.138858] Data : (50, 220) Sync : (50,)Sample rate : 5937
[radar/plotter][SUB][2019-11-20_19:37:11.141569] Subscribe from realtime_wav
[radar/analyzer][PUB][2019-11-20_19:37:11.140469] Publish to realtime_wav
[radar/plotter][2019-11-20_19:37:11.141569] Data num : 58Data len : 88000
[radar/receiver][PUB][2019-11-20_19:37:11.973460] Publish to realtime
[radar/analyzer][SUB][2019-11-20_19:37:11.973924] Subscribe from realtime
[radar/analyzer][2019-11-20_19:37:11.973924] Data num : 59Data len : 11872
[radar/analyzer][2019-11-20_19:37:12.145397] Data : (50, 220) Sync : (50,)Sample rate : 5936
[radar/plotter][SUB][2019-11-20_19:37:12.147877] Subscribe from realtime_wav
[radar/analyzer][PUB][2019-11-20_19:37:12.146880] Publish to realtime_wav
[radar/plotter][2019-11-20_19:37:12.147877] Data num : 59Data len : 88000
[radar/receiver][PUB][2019-11-20_19:37:12.976532] Publish to realtime
[radar/analyzer][SUB][2019-11-20_19:37:12.977070] Subscribe from realtime
[radar/analyzer][2019-11-20_19:37:12.977070] Data num : 60Data len : 11872
[radar/analyzer][2019-11-20_19:37:13.148736] Data : (50, 220) Sync : (50,)Sample rate : 5936
[radar/plotter][SUB][2019-11-20_19:37:13.151420] Subscribe from realtime_wav
[radar/analyzer][PUB][2019-11-20_19:37:13.150349] Publish to realtime_wav
[radar/plotter][2019-11-20_19:37:13.151420] Data num : 60Data len : 88000
[radar/receiver][PUB][2019-11-20_19:37:13.977653] Publish to realtime
[radar/analyzer][SUB][2019-11-20_19:37:13.979121] Subscribe from realtime
[radar/analyzer][2019-11-20_19:37:13.979121] Data num : 61Data len : 11872
[radar/analyzer][2019-11-20_19:37:14.154021] Data : (50, 220) Sync : (50,)Sample rate : 5936
[radar/plotter][SUB][2019-11-20_19:37:14.156641] Subscribe from realtime_wav
[radar/analyzer][PUB][2019-11-20_19:37:14.155590] Publish to realtime_wav
[radar/plotter][2019-11-20_19:37:14.156641] Data num : 61Data len : 88000
[radar/receiver][PUB][2019-11-20_19:37:14.977999] Publish to realtime
[radar/analyzer][SUB][2019-11-20_19:37:14.979497] Subscribe from realtime
[radar/analyzer][2019-11-20_19:37:14.979497] Data num : 62Data len : 11872
[radar/analyzer][2019-11-20_19:37:15.157604] Data : (50, 220) Sync : (50,)Sample rate : 5936
[radar/plotter][SUB][2019-11-20_19:37:15.160640] Subscribe from realtime_wav
[radar/analyzer][PUB][2019-11-20_19:37:15.159075] Publish to realtime_wav
[radar/plotter][2019-11-20_19:37:15.160640] Data num : 62Data len : 88000
[radar/receiver][PUB][2019-11-20_19:37:15.978744] Publish to realtime
[radar/analyzer][SUB][2019-11-20_19:37:15.979223] Subscribe from realtime
[radar/analyzer][2019-11-20_19:37:15.979223] Data num : 63Data len : 11872
[radar/analyzer][2019-11-20_19:37:16.161144] Data : (50, 220) Sync : (50,)Sample rate : 5936
[radar/plotter][SUB][2019-11-20_19:37:16.163590] Subscribe from realtime_wav
[radar/analyzer][PUB][2019-11-20_19:37:16.162746] Publish to realtime_wav
[radar/plotter][2019-11-20_19:37:16.163590] Data num : 63Data len : 88000
[radar/receiver][PUB][2019-11-20_19:37:16.981785] Publish to realtime
[radar/analyzer][SUB][2019-11-20_19:37:16.983463] Subscribe from realtime
[radar/analyzer][2019-11-20_19:37:16.983463] Data num : 64Data len : 11872
[radar/analyzer][2019-11-20_19:37:17.179248] Data : (50, 220) Sync : (50,)Sample rate : 5936
[radar/plotter][SUB][2019-11-20_19:37:17.182328] Subscribe from realtime_wav
[radar/analyzer][PUB][2019-11-20_19:37:17.180867] Publish to realtime_wav
[radar/plotter][2019-11-20_19:37:17.182328] Data num : 64Data len : 88000
[radar/receiver][PUB][2019-11-20_19:37:17.983545] Publish to realtime
[radar/analyzer][SUB][2019-11-20_19:37:17.985477] Subscribe from realtime
[radar/analyzer][2019-11-20_19:37:17.985477] Data num : 65Data len : 11872
[radar/analyzer][2019-11-20_19:37:18.186445] Data : (50, 220) Sync : (50,)Sample rate : 5936
[radar/plotter][SUB][2019-11-20_19:37:18.189077] Subscribe from realtime_wav
[radar/analyzer][PUB][2019-11-20_19:37:18.188504] Publish to realtime_wav
[radar/plotter][2019-11-20_19:37:18.189077] Data num : 65Data len : 88000
[radar/receiver][PUB][2019-11-20_19:37:18.984727] Publish to realtime
[radar/analyzer][SUB][2019-11-20_19:37:18.986751] Subscribe from realtime
[radar/analyzer][2019-11-20_19:37:18.986751] Data num : 66Data len : 11870
[radar/analyzer][2019-11-20_19:37:19.188865] Data : (50, 220) Sync : (50,)Sample rate : 5935
[radar/plotter][SUB][2019-11-20_19:37:19.191677] Subscribe from realtime_wav
[radar/analyzer][PUB][2019-11-20_19:37:19.191107] Publish to realtime_wav
[radar/plotter][2019-11-20_19:37:19.191677] Data num : 66Data len : 88000
[radar/receiver][PUB][2019-11-20_19:37:19.985575] Publish to realtime
[radar/analyzer][SUB][2019-11-20_19:37:19.987499] Subscribe from realtime
[radar/analyzer][2019-11-20_19:37:19.987499] Data num : 67Data len : 11870
[radar/analyzer][2019-11-20_19:37:20.193736] Data : (50, 220) Sync : (50,)Sample rate : 5935
[radar/plotter][SUB][2019-11-20_19:37:20.196632] Subscribe from realtime_wav
[radar/analyzer][PUB][2019-11-20_19:37:20.195203] Publish to realtime_wav
[radar/plotter][2019-11-20_19:37:20.196632] Data num : 67Data len : 88000
[radar/receiver][PUB][2019-11-20_19:37:20.986567] Publish to realtime
[radar/analyzer][SUB][2019-11-20_19:37:20.988412] Subscribe from realtime
[radar/analyzer][2019-11-20_19:37:20.988412] Data num : 68Data len : 11870
[radar/analyzer][2019-11-20_19:37:21.198552] Data : (50, 220) Sync : (50,)Sample rate : 5935
[radar/plotter][SUB][2019-11-20_19:37:21.201527] Subscribe from realtime_wav
[radar/analyzer][PUB][2019-11-20_19:37:21.200174] Publish to realtime_wav
[radar/plotter][2019-11-20_19:37:21.201527] Data num : 68Data len : 88000
[radar/receiver][PUB][2019-11-20_19:37:21.987576] Publish to realtime
[radar/analyzer][SUB][2019-11-20_19:37:21.989655] Subscribe from realtime
[radar/analyzer][2019-11-20_19:37:21.989655] Data num : 69Data len : 11870
[radar/analyzer][2019-11-20_19:37:22.203451] Data : (50, 220) Sync : (50,)Sample rate : 5935
[radar/plotter][SUB][2019-11-20_19:37:22.206268] Subscribe from realtime_wav
[radar/analyzer][PUB][2019-11-20_19:37:22.204861] Publish to realtime_wav
[radar/plotter][2019-11-20_19:37:22.206268] Data num : 69Data len : 88000
[main/decision][SUB][2019-11-20_19:37:22.864899] Subscribe from <rail_end> topic
[main/decision][2019-11-20_19:37:22.870634]  ** end phase **
[radar/receiver][SUB][2019-11-20_19:37:22.914107] Subscribe from end
[main/decision][PUB][2019-11-20_19:37:22.908740] Publish to <end> topic
[radar/receiver][2019-11-20_19:37:22.915925] End receiving
[radar/receiver][2019-11-20_19:37:22.915352] Data num : 0, Data length: 841940
[radar/receiver][PUB][2019-11-20_19:37:22.934987] Publish to raw
[radar/analyzer][SUB][2019-11-20_19:37:22.950465] Subscribe from raw
[radar/analyzer][2019-11-20_19:37:22.950465] Data num : 0Data len : 841940
[radar/analyzer][2019-11-20_19:37:25.724390] Data : (420970,) Sync : (420970,)Sample rate : 5917
[radar/analyzer][PUB][2019-11-20_19:37:26.795324] Publish to wav
[main/decision][PUB][2019-11-20_19:39:27.097449] Publish to <Decision node will be terminated..> topic
