Determining if the pthread_create exist failed with the following output:
Change Dir: /home/project/cuav/GUAVA/catkin_ws/build/CMakeFiles/CMakeTmp

Run Build Command:"/usr/bin/make" "cmTC_ac3eb/fast"
/usr/bin/make -f CMakeFiles/cmTC_ac3eb.dir/build.make CMakeFiles/cmTC_ac3eb.dir/build
make[1]: 디렉터리 '/home/project/cuav/GUAVA/catkin_ws/build/CMakeFiles/CMakeTmp' 들어감
Building C object CMakeFiles/cmTC_ac3eb.dir/CheckSymbolExists.c.o
/usr/bin/cc     -o CMakeFiles/cmTC_ac3eb.dir/CheckSymbolExists.c.o   -c /home/project/cuav/GUAVA/catkin_ws/build/CMakeFiles/CMakeTmp/CheckSymbolExists.c
Linking C executable cmTC_ac3eb
/usr/bin/cmake -E cmake_link_script CMakeFiles/cmTC_ac3eb.dir/link.txt --verbose=1
/usr/bin/cc       CMakeFiles/cmTC_ac3eb.dir/CheckSymbolExists.c.o  -o cmTC_ac3eb -rdynamic 
CMakeFiles/cmTC_ac3eb.dir/CheckSymbolExists.c.o: In function `main':
CheckSymbolExists.c:(.text+0x16): undefined reference to `pthread_create'
collect2: error: ld returned 1 exit status
CMakeFiles/cmTC_ac3eb.dir/build.make:97: 'cmTC_ac3eb' 타겟에 대한 명령이 실패했습니다
make[1]: *** [cmTC_ac3eb] 오류 1
make[1]: 디렉터리 '/home/project/cuav/GUAVA/catkin_ws/build/CMakeFiles/CMakeTmp' 나감
Makefile:126: 'cmTC_ac3eb/fast' 타겟에 대한 명령이 실패했습니다
make: *** [cmTC_ac3eb/fast] 오류 2

File /home/project/cuav/GUAVA/catkin_ws/build/CMakeFiles/CMakeTmp/CheckSymbolExists.c:
/* */
#include <pthread.h>

int main(int argc, char** argv)
{
  (void)argv;
#ifndef pthread_create
  return ((int*)(&pthread_create))[argc];
#else
  (void)argc;
  return 0;
#endif
}

Determining if the function pthread_create exists in the pthreads failed with the following output:
Change Dir: /home/project/cuav/GUAVA/catkin_ws/build/CMakeFiles/CMakeTmp

Run Build Command:"/usr/bin/make" "cmTC_c2869/fast"
/usr/bin/make -f CMakeFiles/cmTC_c2869.dir/build.make CMakeFiles/cmTC_c2869.dir/build
make[1]: 디렉터리 '/home/project/cuav/GUAVA/catkin_ws/build/CMakeFiles/CMakeTmp' 들어감
Building C object CMakeFiles/cmTC_c2869.dir/CheckFunctionExists.c.o
/usr/bin/cc    -DCHECK_FUNCTION_EXISTS=pthread_create   -o CMakeFiles/cmTC_c2869.dir/CheckFunctionExists.c.o   -c /usr/share/cmake-3.5/Modules/CheckFunctionExists.c
Linking C executable cmTC_c2869
/usr/bin/cmake -E cmake_link_script CMakeFiles/cmTC_c2869.dir/link.txt --verbose=1
/usr/bin/cc   -DCHECK_FUNCTION_EXISTS=pthread_create    CMakeFiles/cmTC_c2869.dir/CheckFunctionExists.c.o  -o cmTC_c2869 -rdynamic -lpthreads 
/usr/bin/ld: cannot find -lpthreads
collect2: error: ld returned 1 exit status
CMakeFiles/cmTC_c2869.dir/build.make:97: 'cmTC_c2869' 타겟에 대한 명령이 실패했습니다
make[1]: *** [cmTC_c2869] 오류 1
make[1]: 디렉터리 '/home/project/cuav/GUAVA/catkin_ws/build/CMakeFiles/CMakeTmp' 나감
Makefile:126: 'cmTC_c2869/fast' 타겟에 대한 명령이 실패했습니다
make: *** [cmTC_c2869/fast] 오류 2


